[2025-02-10 10:29:42] production.ERROR: Undefined array key "format" {"exception":"[object] (ErrorException(code: 0): Undefined array key \"format\" at C:\\xampp8.2.0\\htdocs\\jcc\\apt\\vendor\\spatie\\laravel-feed\\src\\Helpers\\ConfigurationValidator.php:15)
[stacktrace]
#0 C:\\xampp8.2.0\\htdocs\\jcc\\apt\\vendor\\laravel\\framework\\src\\Illuminate\\Foundation\\Bootstrap\\HandleExceptions.php(272): Illuminate\\Foundation\\Bootstrap\\HandleExceptions->handleError(2, 'Undefined array...', 'C:\\\\xampp8.2.0\\\\h...', 15)
#1 C:\\xampp8.2.0\\htdocs\\jcc\\apt\\vendor\\spatie\\laravel-feed\\src\\Helpers\\ConfigurationValidator.php(15): Illuminate\\Foundation\\Bootstrap\\HandleExceptions->Illuminate\\Foundation\\Bootstrap\\{closure}(2, 'Undefined array...', 'C:\\\\xampp8.2.0\\\\h...', 15)
#2 C:\\xampp8.2.0\\htdocs\\jcc\\apt\\vendor\\spatie\\laravel-feed\\src\\FeedServiceProvider.php(35): Spatie\\Feed\\Helpers\\ConfigurationValidator::validate()
#3 C:\\xampp8.2.0\\htdocs\\jcc\\apt\\vendor\\spatie\\laravel-package-tools\\src\\PackageServiceProvider.php(81): Spatie\\Feed\\FeedServiceProvider->packageBooted()
#4 C:\\xampp8.2.0\\htdocs\\jcc\\apt\\vendor\\laravel\\framework\\src\\Illuminate\\Container\\BoundMethod.php(36): Spatie\\LaravelPackageTools\\PackageServiceProvider->boot()
#5 C:\\xampp8.2.0\\htdocs\\jcc\\apt\\vendor\\laravel\\framework\\src\\Illuminate\\Container\\Util.php(41): Illuminate\\Container\\BoundMethod::Illuminate\\Container\\{closure}()
#6 C:\\xampp8.2.0\\htdocs\\jcc\\apt\\vendor\\laravel\\framework\\src\\Illuminate\\Container\\BoundMethod.php(93): Illuminate\\Container\\Util::unwrapIfClosure(Object(Closure))
#7 C:\\xampp8.2.0\\htdocs\\jcc\\apt\\vendor\\laravel\\framework\\src\\Illuminate\\Container\\BoundMethod.php(37): Illuminate\\Container\\BoundMethod::callBoundMethod(Object(Illuminate\\Foundation\\Application), Array, Object(Closure))
#8 C:\\xampp8.2.0\\htdocs\\jcc\\apt\\vendor\\laravel\\framework\\src\\Illuminate\\Container\\Container.php(661): Illuminate\\Container\\BoundMethod::call(Object(Illuminate\\Foundation\\Application), Array, Array, NULL)
#9 C:\\xampp8.2.0\\htdocs\\jcc\\apt\\vendor\\laravel\\framework\\src\\Illuminate\\Foundation\\Application.php(954): Illuminate\\Container\\Container->call(Array)
#10 C:\\xampp8.2.0\\htdocs\\jcc\\apt\\vendor\\laravel\\framework\\src\\Illuminate\\Foundation\\Application.php(935): Illuminate\\Foundation\\Application->bootProvider(Object(Spatie\\Feed\\FeedServiceProvider))
#11 [internal function]: Illuminate\\Foundation\\Application->Illuminate\\Foundation\\{closure}(Object(Spatie\\Feed\\FeedServiceProvider), 26)
#12 C:\\xampp8.2.0\\htdocs\\jcc\\apt\\vendor\\laravel\\framework\\src\\Illuminate\\Foundation\\Application.php(936): array_walk(Array, Object(Closure))
#13 C:\\xampp8.2.0\\htdocs\\jcc\\apt\\vendor\\laravel\\framework\\src\\Illuminate\\Foundation\\Bootstrap\\BootProviders.php(17): Illuminate\\Foundation\\Application->boot()
#14 C:\\xampp8.2.0\\htdocs\\jcc\\apt\\vendor\\laravel\\framework\\src\\Illuminate\\Foundation\\Application.php(265): Illuminate\\Foundation\\Bootstrap\\BootProviders->bootstrap(Object(Illuminate\\Foundation\\Application))
#15 C:\\xampp8.2.0\\htdocs\\jcc\\apt\\vendor\\laravel\\framework\\src\\Illuminate\\Foundation\\Console\\Kernel.php(383): Illuminate\\Foundation\\Application->bootstrapWith(Array)
#16 C:\\xampp8.2.0\\htdocs\\jcc\\apt\\vendor\\laravel\\framework\\src\\Illuminate\\Foundation\\Console\\Kernel.php(153): Illuminate\\Foundation\\Console\\Kernel->bootstrap()
#17 C:\\xampp8.2.0\\htdocs\\jcc\\apt\\artisan(37): Illuminate\\Foundation\\Console\\Kernel->handle(Object(Symfony\\Component\\Console\\Input\\ArgvInput), Object(Symfony\\Component\\Console\\Output\\ConsoleOutput))
#18 {main}
"} 
[2025-02-10 10:34:33] production.ERROR: Undefined constant Illuminate\Http\Request::HEADER_X_FORWARDED_ALL {"exception":"[object] (Error(code: 0): Undefined constant Illuminate\\Http\\Request::HEADER_X_FORWARDED_ALL at C:\\xampp8.2.0\\htdocs\\jcc\\apt\\app\\Http\\Middleware\\TrustProxies.php:22)
[stacktrace]
#0 C:\\xampp8.2.0\\htdocs\\jcc\\apt\\vendor\\laravel\\framework\\src\\Illuminate\\Container\\Container.php(929): ReflectionClass->newInstanceArgs(Array)
#1 C:\\xampp8.2.0\\htdocs\\jcc\\apt\\vendor\\laravel\\framework\\src\\Illuminate\\Container\\Container.php(770): Illuminate\\Container\\Container->build('App\\\\Http\\\\Middle...')
#2 C:\\xampp8.2.0\\htdocs\\jcc\\apt\\vendor\\laravel\\framework\\src\\Illuminate\\Foundation\\Application.php(881): Illuminate\\Container\\Container->resolve('App\\\\Http\\\\Middle...', Array, true)
#3 C:\\xampp8.2.0\\htdocs\\jcc\\apt\\vendor\\laravel\\framework\\src\\Illuminate\\Container\\Container.php(706): Illuminate\\Foundation\\Application->resolve('App\\\\Http\\\\Middle...', Array)
#4 C:\\xampp8.2.0\\htdocs\\jcc\\apt\\vendor\\laravel\\framework\\src\\Illuminate\\Foundation\\Application.php(866): Illuminate\\Container\\Container->make('App\\\\Http\\\\Middle...', Array)
#5 C:\\xampp8.2.0\\htdocs\\jcc\\apt\\vendor\\laravel\\framework\\src\\Illuminate\\Pipeline\\Pipeline.php(169): Illuminate\\Foundation\\Application->make('App\\\\Http\\\\Middle...')
#6 C:\\xampp8.2.0\\htdocs\\jcc\\apt\\vendor\\laravel\\framework\\src\\Illuminate\\Pipeline\\Pipeline.php(116): Illuminate\\Pipeline\\Pipeline->Illuminate\\Pipeline\\{closure}(Object(Illuminate\\Http\\Request))
#7 C:\\xampp8.2.0\\htdocs\\jcc\\apt\\vendor\\laravel\\framework\\src\\Illuminate\\Foundation\\Http\\Kernel.php(165): Illuminate\\Pipeline\\Pipeline->then(Object(Closure))
#8 C:\\xampp8.2.0\\htdocs\\jcc\\apt\\vendor\\laravel\\framework\\src\\Illuminate\\Foundation\\Http\\Kernel.php(134): Illuminate\\Foundation\\Http\\Kernel->sendRequestThroughRouter(Object(Illuminate\\Http\\Request))
#9 C:\\xampp8.2.0\\htdocs\\jcc\\index.php(54): Illuminate\\Foundation\\Http\\Kernel->handle(Object(Illuminate\\Http\\Request))
#10 {main}
"} 
[2025-02-10 10:34:33] production.ERROR: Undefined constant Illuminate\Http\Request::HEADER_X_FORWARDED_ALL {"exception":"[object] (Error(code: 0): Undefined constant Illuminate\\Http\\Request::HEADER_X_FORWARDED_ALL at C:\\xampp8.2.0\\htdocs\\jcc\\apt\\app\\Http\\Middleware\\TrustProxies.php:22)
[stacktrace]
#0 C:\\xampp8.2.0\\htdocs\\jcc\\apt\\vendor\\laravel\\framework\\src\\Illuminate\\Container\\Container.php(929): ReflectionClass->newInstanceArgs(Array)
#1 C:\\xampp8.2.0\\htdocs\\jcc\\apt\\vendor\\laravel\\framework\\src\\Illuminate\\Container\\Container.php(770): Illuminate\\Container\\Container->build('App\\\\Http\\\\Middle...')
#2 C:\\xampp8.2.0\\htdocs\\jcc\\apt\\vendor\\laravel\\framework\\src\\Illuminate\\Foundation\\Application.php(881): Illuminate\\Container\\Container->resolve('App\\\\Http\\\\Middle...', Array, true)
#3 C:\\xampp8.2.0\\htdocs\\jcc\\apt\\vendor\\laravel\\framework\\src\\Illuminate\\Container\\Container.php(706): Illuminate\\Foundation\\Application->resolve('App\\\\Http\\\\Middle...', Array)
#4 C:\\xampp8.2.0\\htdocs\\jcc\\apt\\vendor\\laravel\\framework\\src\\Illuminate\\Foundation\\Application.php(866): Illuminate\\Container\\Container->make('App\\\\Http\\\\Middle...', Array)
#5 C:\\xampp8.2.0\\htdocs\\jcc\\apt\\vendor\\laravel\\framework\\src\\Illuminate\\Foundation\\Http\\Kernel.php(239): Illuminate\\Foundation\\Application->make('App\\\\Http\\\\Middle...')
#6 C:\\xampp8.2.0\\htdocs\\jcc\\apt\\vendor\\laravel\\framework\\src\\Illuminate\\Foundation\\Http\\Kernel.php(203): Illuminate\\Foundation\\Http\\Kernel->terminateMiddleware(Object(Illuminate\\Http\\Request), Object(Illuminate\\Http\\Response))
#7 C:\\xampp8.2.0\\htdocs\\jcc\\index.php(60): Illuminate\\Foundation\\Http\\Kernel->terminate(Object(Illuminate\\Http\\Request), Object(Illuminate\\Http\\Response))
#8 {main}
"} 
[2025-02-10 10:35:14] production.ERROR: Undefined constant Illuminate\Http\Request::HEADER_X_FORWARDED_ALL {"exception":"[object] (Error(code: 0): Undefined constant Illuminate\\Http\\Request::HEADER_X_FORWARDED_ALL at C:\\xampp8.2.0\\htdocs\\jcc\\apt\\app\\Http\\Middleware\\TrustProxies.php:22)
[stacktrace]
#0 C:\\xampp8.2.0\\htdocs\\jcc\\apt\\vendor\\laravel\\framework\\src\\Illuminate\\Container\\Container.php(929): ReflectionClass->newInstanceArgs(Array)
#1 C:\\xampp8.2.0\\htdocs\\jcc\\apt\\vendor\\laravel\\framework\\src\\Illuminate\\Container\\Container.php(770): Illuminate\\Container\\Container->build('App\\\\Http\\\\Middle...')
#2 C:\\xampp8.2.0\\htdocs\\jcc\\apt\\vendor\\laravel\\framework\\src\\Illuminate\\Foundation\\Application.php(881): Illuminate\\Container\\Container->resolve('App\\\\Http\\\\Middle...', Array, true)
#3 C:\\xampp8.2.0\\htdocs\\jcc\\apt\\vendor\\laravel\\framework\\src\\Illuminate\\Container\\Container.php(706): Illuminate\\Foundation\\Application->resolve('App\\\\Http\\\\Middle...', Array)
#4 C:\\xampp8.2.0\\htdocs\\jcc\\apt\\vendor\\laravel\\framework\\src\\Illuminate\\Foundation\\Application.php(866): Illuminate\\Container\\Container->make('App\\\\Http\\\\Middle...', Array)
#5 C:\\xampp8.2.0\\htdocs\\jcc\\apt\\vendor\\laravel\\framework\\src\\Illuminate\\Pipeline\\Pipeline.php(169): Illuminate\\Foundation\\Application->make('App\\\\Http\\\\Middle...')
#6 C:\\xampp8.2.0\\htdocs\\jcc\\apt\\vendor\\laravel\\framework\\src\\Illuminate\\Pipeline\\Pipeline.php(116): Illuminate\\Pipeline\\Pipeline->Illuminate\\Pipeline\\{closure}(Object(Illuminate\\Http\\Request))
#7 C:\\xampp8.2.0\\htdocs\\jcc\\apt\\vendor\\laravel\\framework\\src\\Illuminate\\Foundation\\Http\\Kernel.php(165): Illuminate\\Pipeline\\Pipeline->then(Object(Closure))
#8 C:\\xampp8.2.0\\htdocs\\jcc\\apt\\vendor\\laravel\\framework\\src\\Illuminate\\Foundation\\Http\\Kernel.php(134): Illuminate\\Foundation\\Http\\Kernel->sendRequestThroughRouter(Object(Illuminate\\Http\\Request))
#9 C:\\xampp8.2.0\\htdocs\\jcc\\index.php(54): Illuminate\\Foundation\\Http\\Kernel->handle(Object(Illuminate\\Http\\Request))
#10 {main}
"} 
[2025-02-10 10:35:14] production.ERROR: Undefined constant Illuminate\Http\Request::HEADER_X_FORWARDED_ALL {"exception":"[object] (Error(code: 0): Undefined constant Illuminate\\Http\\Request::HEADER_X_FORWARDED_ALL at C:\\xampp8.2.0\\htdocs\\jcc\\apt\\app\\Http\\Middleware\\TrustProxies.php:22)
[stacktrace]
#0 C:\\xampp8.2.0\\htdocs\\jcc\\apt\\vendor\\laravel\\framework\\src\\Illuminate\\Container\\Container.php(929): ReflectionClass->newInstanceArgs(Array)
#1 C:\\xampp8.2.0\\htdocs\\jcc\\apt\\vendor\\laravel\\framework\\src\\Illuminate\\Container\\Container.php(770): Illuminate\\Container\\Container->build('App\\\\Http\\\\Middle...')
#2 C:\\xampp8.2.0\\htdocs\\jcc\\apt\\vendor\\laravel\\framework\\src\\Illuminate\\Foundation\\Application.php(881): Illuminate\\Container\\Container->resolve('App\\\\Http\\\\Middle...', Array, true)
#3 C:\\xampp8.2.0\\htdocs\\jcc\\apt\\vendor\\laravel\\framework\\src\\Illuminate\\Container\\Container.php(706): Illuminate\\Foundation\\Application->resolve('App\\\\Http\\\\Middle...', Array)
#4 C:\\xampp8.2.0\\htdocs\\jcc\\apt\\vendor\\laravel\\framework\\src\\Illuminate\\Foundation\\Application.php(866): Illuminate\\Container\\Container->make('App\\\\Http\\\\Middle...', Array)
#5 C:\\xampp8.2.0\\htdocs\\jcc\\apt\\vendor\\laravel\\framework\\src\\Illuminate\\Foundation\\Http\\Kernel.php(239): Illuminate\\Foundation\\Application->make('App\\\\Http\\\\Middle...')
#6 C:\\xampp8.2.0\\htdocs\\jcc\\apt\\vendor\\laravel\\framework\\src\\Illuminate\\Foundation\\Http\\Kernel.php(203): Illuminate\\Foundation\\Http\\Kernel->terminateMiddleware(Object(Illuminate\\Http\\Request), Object(Illuminate\\Http\\Response))
#7 C:\\xampp8.2.0\\htdocs\\jcc\\index.php(60): Illuminate\\Foundation\\Http\\Kernel->terminate(Object(Illuminate\\Http\\Request), Object(Illuminate\\Http\\Response))
#8 {main}
"} 
[2025-02-10 10:35:15] production.ERROR: Undefined constant Illuminate\Http\Request::HEADER_X_FORWARDED_ALL {"exception":"[object] (Error(code: 0): Undefined constant Illuminate\\Http\\Request::HEADER_X_FORWARDED_ALL at C:\\xampp8.2.0\\htdocs\\jcc\\apt\\app\\Http\\Middleware\\TrustProxies.php:22)
[stacktrace]
#0 C:\\xampp8.2.0\\htdocs\\jcc\\apt\\vendor\\laravel\\framework\\src\\Illuminate\\Container\\Container.php(929): ReflectionClass->newInstanceArgs(Array)
#1 C:\\xampp8.2.0\\htdocs\\jcc\\apt\\vendor\\laravel\\framework\\src\\Illuminate\\Container\\Container.php(770): Illuminate\\Container\\Container->build('App\\\\Http\\\\Middle...')
#2 C:\\xampp8.2.0\\htdocs\\jcc\\apt\\vendor\\laravel\\framework\\src\\Illuminate\\Foundation\\Application.php(881): Illuminate\\Container\\Container->resolve('App\\\\Http\\\\Middle...', Array, true)
#3 C:\\xampp8.2.0\\htdocs\\jcc\\apt\\vendor\\laravel\\framework\\src\\Illuminate\\Container\\Container.php(706): Illuminate\\Foundation\\Application->resolve('App\\\\Http\\\\Middle...', Array)
#4 C:\\xampp8.2.0\\htdocs\\jcc\\apt\\vendor\\laravel\\framework\\src\\Illuminate\\Foundation\\Application.php(866): Illuminate\\Container\\Container->make('App\\\\Http\\\\Middle...', Array)
#5 C:\\xampp8.2.0\\htdocs\\jcc\\apt\\vendor\\laravel\\framework\\src\\Illuminate\\Pipeline\\Pipeline.php(169): Illuminate\\Foundation\\Application->make('App\\\\Http\\\\Middle...')
#6 C:\\xampp8.2.0\\htdocs\\jcc\\apt\\vendor\\laravel\\framework\\src\\Illuminate\\Pipeline\\Pipeline.php(116): Illuminate\\Pipeline\\Pipeline->Illuminate\\Pipeline\\{closure}(Object(Illuminate\\Http\\Request))
#7 C:\\xampp8.2.0\\htdocs\\jcc\\apt\\vendor\\laravel\\framework\\src\\Illuminate\\Foundation\\Http\\Kernel.php(165): Illuminate\\Pipeline\\Pipeline->then(Object(Closure))
#8 C:\\xampp8.2.0\\htdocs\\jcc\\apt\\vendor\\laravel\\framework\\src\\Illuminate\\Foundation\\Http\\Kernel.php(134): Illuminate\\Foundation\\Http\\Kernel->sendRequestThroughRouter(Object(Illuminate\\Http\\Request))
#9 C:\\xampp8.2.0\\htdocs\\jcc\\index.php(54): Illuminate\\Foundation\\Http\\Kernel->handle(Object(Illuminate\\Http\\Request))
#10 {main}
"} 
[2025-02-10 10:35:15] production.ERROR: Undefined constant Illuminate\Http\Request::HEADER_X_FORWARDED_ALL {"exception":"[object] (Error(code: 0): Undefined constant Illuminate\\Http\\Request::HEADER_X_FORWARDED_ALL at C:\\xampp8.2.0\\htdocs\\jcc\\apt\\app\\Http\\Middleware\\TrustProxies.php:22)
[stacktrace]
#0 C:\\xampp8.2.0\\htdocs\\jcc\\apt\\vendor\\laravel\\framework\\src\\Illuminate\\Container\\Container.php(929): ReflectionClass->newInstanceArgs(Array)
#1 C:\\xampp8.2.0\\htdocs\\jcc\\apt\\vendor\\laravel\\framework\\src\\Illuminate\\Container\\Container.php(770): Illuminate\\Container\\Container->build('App\\\\Http\\\\Middle...')
#2 C:\\xampp8.2.0\\htdocs\\jcc\\apt\\vendor\\laravel\\framework\\src\\Illuminate\\Foundation\\Application.php(881): Illuminate\\Container\\Container->resolve('App\\\\Http\\\\Middle...', Array, true)
#3 C:\\xampp8.2.0\\htdocs\\jcc\\apt\\vendor\\laravel\\framework\\src\\Illuminate\\Container\\Container.php(706): Illuminate\\Foundation\\Application->resolve('App\\\\Http\\\\Middle...', Array)
#4 C:\\xampp8.2.0\\htdocs\\jcc\\apt\\vendor\\laravel\\framework\\src\\Illuminate\\Foundation\\Application.php(866): Illuminate\\Container\\Container->make('App\\\\Http\\\\Middle...', Array)
#5 C:\\xampp8.2.0\\htdocs\\jcc\\apt\\vendor\\laravel\\framework\\src\\Illuminate\\Foundation\\Http\\Kernel.php(239): Illuminate\\Foundation\\Application->make('App\\\\Http\\\\Middle...')
#6 C:\\xampp8.2.0\\htdocs\\jcc\\apt\\vendor\\laravel\\framework\\src\\Illuminate\\Foundation\\Http\\Kernel.php(203): Illuminate\\Foundation\\Http\\Kernel->terminateMiddleware(Object(Illuminate\\Http\\Request), Object(Illuminate\\Http\\Response))
#7 C:\\xampp8.2.0\\htdocs\\jcc\\index.php(60): Illuminate\\Foundation\\Http\\Kernel->terminate(Object(Illuminate\\Http\\Request), Object(Illuminate\\Http\\Response))
#8 {main}
"} 
[2025-02-10 10:35:22] production.ERROR: Undefined constant Illuminate\Http\Request::HEADER_X_FORWARDED_ALL {"exception":"[object] (Error(code: 0): Undefined constant Illuminate\\Http\\Request::HEADER_X_FORWARDED_ALL at C:\\xampp8.2.0\\htdocs\\jcc\\apt\\app\\Http\\Middleware\\TrustProxies.php:22)
[stacktrace]
#0 C:\\xampp8.2.0\\htdocs\\jcc\\apt\\vendor\\laravel\\framework\\src\\Illuminate\\Container\\Container.php(929): ReflectionClass->newInstanceArgs(Array)
#1 C:\\xampp8.2.0\\htdocs\\jcc\\apt\\vendor\\laravel\\framework\\src\\Illuminate\\Container\\Container.php(770): Illuminate\\Container\\Container->build('App\\\\Http\\\\Middle...')
#2 C:\\xampp8.2.0\\htdocs\\jcc\\apt\\vendor\\laravel\\framework\\src\\Illuminate\\Foundation\\Application.php(881): Illuminate\\Container\\Container->resolve('App\\\\Http\\\\Middle...', Array, true)
#3 C:\\xampp8.2.0\\htdocs\\jcc\\apt\\vendor\\laravel\\framework\\src\\Illuminate\\Container\\Container.php(706): Illuminate\\Foundation\\Application->resolve('App\\\\Http\\\\Middle...', Array)
#4 C:\\xampp8.2.0\\htdocs\\jcc\\apt\\vendor\\laravel\\framework\\src\\Illuminate\\Foundation\\Application.php(866): Illuminate\\Container\\Container->make('App\\\\Http\\\\Middle...', Array)
#5 C:\\xampp8.2.0\\htdocs\\jcc\\apt\\vendor\\laravel\\framework\\src\\Illuminate\\Pipeline\\Pipeline.php(169): Illuminate\\Foundation\\Application->make('App\\\\Http\\\\Middle...')
#6 C:\\xampp8.2.0\\htdocs\\jcc\\apt\\vendor\\laravel\\framework\\src\\Illuminate\\Pipeline\\Pipeline.php(116): Illuminate\\Pipeline\\Pipeline->Illuminate\\Pipeline\\{closure}(Object(Illuminate\\Http\\Request))
#7 C:\\xampp8.2.0\\htdocs\\jcc\\apt\\vendor\\laravel\\framework\\src\\Illuminate\\Foundation\\Http\\Kernel.php(165): Illuminate\\Pipeline\\Pipeline->then(Object(Closure))
#8 C:\\xampp8.2.0\\htdocs\\jcc\\apt\\vendor\\laravel\\framework\\src\\Illuminate\\Foundation\\Http\\Kernel.php(134): Illuminate\\Foundation\\Http\\Kernel->sendRequestThroughRouter(Object(Illuminate\\Http\\Request))
#9 C:\\xampp8.2.0\\htdocs\\jcc\\index.php(54): Illuminate\\Foundation\\Http\\Kernel->handle(Object(Illuminate\\Http\\Request))
#10 {main}
"} 
[2025-02-10 10:35:22] production.ERROR: Undefined constant Illuminate\Http\Request::HEADER_X_FORWARDED_ALL {"exception":"[object] (Error(code: 0): Undefined constant Illuminate\\Http\\Request::HEADER_X_FORWARDED_ALL at C:\\xampp8.2.0\\htdocs\\jcc\\apt\\app\\Http\\Middleware\\TrustProxies.php:22)
[stacktrace]
#0 C:\\xampp8.2.0\\htdocs\\jcc\\apt\\vendor\\laravel\\framework\\src\\Illuminate\\Container\\Container.php(929): ReflectionClass->newInstanceArgs(Array)
#1 C:\\xampp8.2.0\\htdocs\\jcc\\apt\\vendor\\laravel\\framework\\src\\Illuminate\\Container\\Container.php(770): Illuminate\\Container\\Container->build('App\\\\Http\\\\Middle...')
#2 C:\\xampp8.2.0\\htdocs\\jcc\\apt\\vendor\\laravel\\framework\\src\\Illuminate\\Foundation\\Application.php(881): Illuminate\\Container\\Container->resolve('App\\\\Http\\\\Middle...', Array, true)
#3 C:\\xampp8.2.0\\htdocs\\jcc\\apt\\vendor\\laravel\\framework\\src\\Illuminate\\Container\\Container.php(706): Illuminate\\Foundation\\Application->resolve('App\\\\Http\\\\Middle...', Array)
#4 C:\\xampp8.2.0\\htdocs\\jcc\\apt\\vendor\\laravel\\framework\\src\\Illuminate\\Foundation\\Application.php(866): Illuminate\\Container\\Container->make('App\\\\Http\\\\Middle...', Array)
#5 C:\\xampp8.2.0\\htdocs\\jcc\\apt\\vendor\\laravel\\framework\\src\\Illuminate\\Foundation\\Http\\Kernel.php(239): Illuminate\\Foundation\\Application->make('App\\\\Http\\\\Middle...')
#6 C:\\xampp8.2.0\\htdocs\\jcc\\apt\\vendor\\laravel\\framework\\src\\Illuminate\\Foundation\\Http\\Kernel.php(203): Illuminate\\Foundation\\Http\\Kernel->terminateMiddleware(Object(Illuminate\\Http\\Request), Object(Illuminate\\Http\\Response))
#7 C:\\xampp8.2.0\\htdocs\\jcc\\index.php(60): Illuminate\\Foundation\\Http\\Kernel->terminate(Object(Illuminate\\Http\\Request), Object(Illuminate\\Http\\Response))
#8 {main}
"} 
[2025-02-10 10:35:25] production.ERROR: Undefined constant Illuminate\Http\Request::HEADER_X_FORWARDED_ALL {"exception":"[object] (Error(code: 0): Undefined constant Illuminate\\Http\\Request::HEADER_X_FORWARDED_ALL at C:\\xampp8.2.0\\htdocs\\jcc\\apt\\app\\Http\\Middleware\\TrustProxies.php:22)
[stacktrace]
#0 C:\\xampp8.2.0\\htdocs\\jcc\\apt\\vendor\\laravel\\framework\\src\\Illuminate\\Container\\Container.php(929): ReflectionClass->newInstanceArgs(Array)
#1 C:\\xampp8.2.0\\htdocs\\jcc\\apt\\vendor\\laravel\\framework\\src\\Illuminate\\Container\\Container.php(770): Illuminate\\Container\\Container->build('App\\\\Http\\\\Middle...')
#2 C:\\xampp8.2.0\\htdocs\\jcc\\apt\\vendor\\laravel\\framework\\src\\Illuminate\\Foundation\\Application.php(881): Illuminate\\Container\\Container->resolve('App\\\\Http\\\\Middle...', Array, true)
#3 C:\\xampp8.2.0\\htdocs\\jcc\\apt\\vendor\\laravel\\framework\\src\\Illuminate\\Container\\Container.php(706): Illuminate\\Foundation\\Application->resolve('App\\\\Http\\\\Middle...', Array)
#4 C:\\xampp8.2.0\\htdocs\\jcc\\apt\\vendor\\laravel\\framework\\src\\Illuminate\\Foundation\\Application.php(866): Illuminate\\Container\\Container->make('App\\\\Http\\\\Middle...', Array)
#5 C:\\xampp8.2.0\\htdocs\\jcc\\apt\\vendor\\laravel\\framework\\src\\Illuminate\\Pipeline\\Pipeline.php(169): Illuminate\\Foundation\\Application->make('App\\\\Http\\\\Middle...')
#6 C:\\xampp8.2.0\\htdocs\\jcc\\apt\\vendor\\laravel\\framework\\src\\Illuminate\\Pipeline\\Pipeline.php(116): Illuminate\\Pipeline\\Pipeline->Illuminate\\Pipeline\\{closure}(Object(Illuminate\\Http\\Request))
#7 C:\\xampp8.2.0\\htdocs\\jcc\\apt\\vendor\\laravel\\framework\\src\\Illuminate\\Foundation\\Http\\Kernel.php(165): Illuminate\\Pipeline\\Pipeline->then(Object(Closure))
#8 C:\\xampp8.2.0\\htdocs\\jcc\\apt\\vendor\\laravel\\framework\\src\\Illuminate\\Foundation\\Http\\Kernel.php(134): Illuminate\\Foundation\\Http\\Kernel->sendRequestThroughRouter(Object(Illuminate\\Http\\Request))
#9 C:\\xampp8.2.0\\htdocs\\jcc\\index.php(54): Illuminate\\Foundation\\Http\\Kernel->handle(Object(Illuminate\\Http\\Request))
#10 {main}
"} 
[2025-02-10 10:35:25] production.ERROR: Undefined constant Illuminate\Http\Request::HEADER_X_FORWARDED_ALL {"exception":"[object] (Error(code: 0): Undefined constant Illuminate\\Http\\Request::HEADER_X_FORWARDED_ALL at C:\\xampp8.2.0\\htdocs\\jcc\\apt\\app\\Http\\Middleware\\TrustProxies.php:22)
[stacktrace]
#0 C:\\xampp8.2.0\\htdocs\\jcc\\apt\\vendor\\laravel\\framework\\src\\Illuminate\\Container\\Container.php(929): ReflectionClass->newInstanceArgs(Array)
#1 C:\\xampp8.2.0\\htdocs\\jcc\\apt\\vendor\\laravel\\framework\\src\\Illuminate\\Container\\Container.php(770): Illuminate\\Container\\Container->build('App\\\\Http\\\\Middle...')
#2 C:\\xampp8.2.0\\htdocs\\jcc\\apt\\vendor\\laravel\\framework\\src\\Illuminate\\Foundation\\Application.php(881): Illuminate\\Container\\Container->resolve('App\\\\Http\\\\Middle...', Array, true)
#3 C:\\xampp8.2.0\\htdocs\\jcc\\apt\\vendor\\laravel\\framework\\src\\Illuminate\\Container\\Container.php(706): Illuminate\\Foundation\\Application->resolve('App\\\\Http\\\\Middle...', Array)
#4 C:\\xampp8.2.0\\htdocs\\jcc\\apt\\vendor\\laravel\\framework\\src\\Illuminate\\Foundation\\Application.php(866): Illuminate\\Container\\Container->make('App\\\\Http\\\\Middle...', Array)
#5 C:\\xampp8.2.0\\htdocs\\jcc\\apt\\vendor\\laravel\\framework\\src\\Illuminate\\Foundation\\Http\\Kernel.php(239): Illuminate\\Foundation\\Application->make('App\\\\Http\\\\Middle...')
#6 C:\\xampp8.2.0\\htdocs\\jcc\\apt\\vendor\\laravel\\framework\\src\\Illuminate\\Foundation\\Http\\Kernel.php(203): Illuminate\\Foundation\\Http\\Kernel->terminateMiddleware(Object(Illuminate\\Http\\Request), Object(Illuminate\\Http\\Response))
#7 C:\\xampp8.2.0\\htdocs\\jcc\\index.php(60): Illuminate\\Foundation\\Http\\Kernel->terminate(Object(Illuminate\\Http\\Request), Object(Illuminate\\Http\\Response))
#8 {main}
"} 
[2025-02-10 10:35:26] production.ERROR: Undefined constant Illuminate\Http\Request::HEADER_X_FORWARDED_ALL {"exception":"[object] (Error(code: 0): Undefined constant Illuminate\\Http\\Request::HEADER_X_FORWARDED_ALL at C:\\xampp8.2.0\\htdocs\\jcc\\apt\\app\\Http\\Middleware\\TrustProxies.php:22)
[stacktrace]
#0 C:\\xampp8.2.0\\htdocs\\jcc\\apt\\vendor\\laravel\\framework\\src\\Illuminate\\Container\\Container.php(929): ReflectionClass->newInstanceArgs(Array)
#1 C:\\xampp8.2.0\\htdocs\\jcc\\apt\\vendor\\laravel\\framework\\src\\Illuminate\\Container\\Container.php(770): Illuminate\\Container\\Container->build('App\\\\Http\\\\Middle...')
#2 C:\\xampp8.2.0\\htdocs\\jcc\\apt\\vendor\\laravel\\framework\\src\\Illuminate\\Foundation\\Application.php(881): Illuminate\\Container\\Container->resolve('App\\\\Http\\\\Middle...', Array, true)
#3 C:\\xampp8.2.0\\htdocs\\jcc\\apt\\vendor\\laravel\\framework\\src\\Illuminate\\Container\\Container.php(706): Illuminate\\Foundation\\Application->resolve('App\\\\Http\\\\Middle...', Array)
#4 C:\\xampp8.2.0\\htdocs\\jcc\\apt\\vendor\\laravel\\framework\\src\\Illuminate\\Foundation\\Application.php(866): Illuminate\\Container\\Container->make('App\\\\Http\\\\Middle...', Array)
#5 C:\\xampp8.2.0\\htdocs\\jcc\\apt\\vendor\\laravel\\framework\\src\\Illuminate\\Pipeline\\Pipeline.php(169): Illuminate\\Foundation\\Application->make('App\\\\Http\\\\Middle...')
#6 C:\\xampp8.2.0\\htdocs\\jcc\\apt\\vendor\\laravel\\framework\\src\\Illuminate\\Pipeline\\Pipeline.php(116): Illuminate\\Pipeline\\Pipeline->Illuminate\\Pipeline\\{closure}(Object(Illuminate\\Http\\Request))
#7 C:\\xampp8.2.0\\htdocs\\jcc\\apt\\vendor\\laravel\\framework\\src\\Illuminate\\Foundation\\Http\\Kernel.php(165): Illuminate\\Pipeline\\Pipeline->then(Object(Closure))
#8 C:\\xampp8.2.0\\htdocs\\jcc\\apt\\vendor\\laravel\\framework\\src\\Illuminate\\Foundation\\Http\\Kernel.php(134): Illuminate\\Foundation\\Http\\Kernel->sendRequestThroughRouter(Object(Illuminate\\Http\\Request))
#9 C:\\xampp8.2.0\\htdocs\\jcc\\index.php(54): Illuminate\\Foundation\\Http\\Kernel->handle(Object(Illuminate\\Http\\Request))
#10 {main}
"} 
[2025-02-10 10:35:26] production.ERROR: Undefined constant Illuminate\Http\Request::HEADER_X_FORWARDED_ALL {"exception":"[object] (Error(code: 0): Undefined constant Illuminate\\Http\\Request::HEADER_X_FORWARDED_ALL at C:\\xampp8.2.0\\htdocs\\jcc\\apt\\app\\Http\\Middleware\\TrustProxies.php:22)
[stacktrace]
#0 C:\\xampp8.2.0\\htdocs\\jcc\\apt\\vendor\\laravel\\framework\\src\\Illuminate\\Container\\Container.php(929): ReflectionClass->newInstanceArgs(Array)
#1 C:\\xampp8.2.0\\htdocs\\jcc\\apt\\vendor\\laravel\\framework\\src\\Illuminate\\Container\\Container.php(770): Illuminate\\Container\\Container->build('App\\\\Http\\\\Middle...')
#2 C:\\xampp8.2.0\\htdocs\\jcc\\apt\\vendor\\laravel\\framework\\src\\Illuminate\\Foundation\\Application.php(881): Illuminate\\Container\\Container->resolve('App\\\\Http\\\\Middle...', Array, true)
#3 C:\\xampp8.2.0\\htdocs\\jcc\\apt\\vendor\\laravel\\framework\\src\\Illuminate\\Container\\Container.php(706): Illuminate\\Foundation\\Application->resolve('App\\\\Http\\\\Middle...', Array)
#4 C:\\xampp8.2.0\\htdocs\\jcc\\apt\\vendor\\laravel\\framework\\src\\Illuminate\\Foundation\\Application.php(866): Illuminate\\Container\\Container->make('App\\\\Http\\\\Middle...', Array)
#5 C:\\xampp8.2.0\\htdocs\\jcc\\apt\\vendor\\laravel\\framework\\src\\Illuminate\\Foundation\\Http\\Kernel.php(239): Illuminate\\Foundation\\Application->make('App\\\\Http\\\\Middle...')
#6 C:\\xampp8.2.0\\htdocs\\jcc\\apt\\vendor\\laravel\\framework\\src\\Illuminate\\Foundation\\Http\\Kernel.php(203): Illuminate\\Foundation\\Http\\Kernel->terminateMiddleware(Object(Illuminate\\Http\\Request), Object(Illuminate\\Http\\Response))
#7 C:\\xampp8.2.0\\htdocs\\jcc\\index.php(60): Illuminate\\Foundation\\Http\\Kernel->terminate(Object(Illuminate\\Http\\Request), Object(Illuminate\\Http\\Response))
#8 {main}
"} 
[2025-02-10 10:35:27] production.ERROR: Undefined constant Illuminate\Http\Request::HEADER_X_FORWARDED_ALL {"exception":"[object] (Error(code: 0): Undefined constant Illuminate\\Http\\Request::HEADER_X_FORWARDED_ALL at C:\\xampp8.2.0\\htdocs\\jcc\\apt\\app\\Http\\Middleware\\TrustProxies.php:22)
[stacktrace]
#0 C:\\xampp8.2.0\\htdocs\\jcc\\apt\\vendor\\laravel\\framework\\src\\Illuminate\\Container\\Container.php(929): ReflectionClass->newInstanceArgs(Array)
#1 C:\\xampp8.2.0\\htdocs\\jcc\\apt\\vendor\\laravel\\framework\\src\\Illuminate\\Container\\Container.php(770): Illuminate\\Container\\Container->build('App\\\\Http\\\\Middle...')
#2 C:\\xampp8.2.0\\htdocs\\jcc\\apt\\vendor\\laravel\\framework\\src\\Illuminate\\Foundation\\Application.php(881): Illuminate\\Container\\Container->resolve('App\\\\Http\\\\Middle...', Array, true)
#3 C:\\xampp8.2.0\\htdocs\\jcc\\apt\\vendor\\laravel\\framework\\src\\Illuminate\\Container\\Container.php(706): Illuminate\\Foundation\\Application->resolve('App\\\\Http\\\\Middle...', Array)
#4 C:\\xampp8.2.0\\htdocs\\jcc\\apt\\vendor\\laravel\\framework\\src\\Illuminate\\Foundation\\Application.php(866): Illuminate\\Container\\Container->make('App\\\\Http\\\\Middle...', Array)
#5 C:\\xampp8.2.0\\htdocs\\jcc\\apt\\vendor\\laravel\\framework\\src\\Illuminate\\Pipeline\\Pipeline.php(169): Illuminate\\Foundation\\Application->make('App\\\\Http\\\\Middle...')
#6 C:\\xampp8.2.0\\htdocs\\jcc\\apt\\vendor\\laravel\\framework\\src\\Illuminate\\Pipeline\\Pipeline.php(116): Illuminate\\Pipeline\\Pipeline->Illuminate\\Pipeline\\{closure}(Object(Illuminate\\Http\\Request))
#7 C:\\xampp8.2.0\\htdocs\\jcc\\apt\\vendor\\laravel\\framework\\src\\Illuminate\\Foundation\\Http\\Kernel.php(165): Illuminate\\Pipeline\\Pipeline->then(Object(Closure))
#8 C:\\xampp8.2.0\\htdocs\\jcc\\apt\\vendor\\laravel\\framework\\src\\Illuminate\\Foundation\\Http\\Kernel.php(134): Illuminate\\Foundation\\Http\\Kernel->sendRequestThroughRouter(Object(Illuminate\\Http\\Request))
#9 C:\\xampp8.2.0\\htdocs\\jcc\\index.php(54): Illuminate\\Foundation\\Http\\Kernel->handle(Object(Illuminate\\Http\\Request))
#10 {main}
"} 
[2025-02-10 10:35:27] production.ERROR: Undefined constant Illuminate\Http\Request::HEADER_X_FORWARDED_ALL {"exception":"[object] (Error(code: 0): Undefined constant Illuminate\\Http\\Request::HEADER_X_FORWARDED_ALL at C:\\xampp8.2.0\\htdocs\\jcc\\apt\\app\\Http\\Middleware\\TrustProxies.php:22)
[stacktrace]
#0 C:\\xampp8.2.0\\htdocs\\jcc\\apt\\vendor\\laravel\\framework\\src\\Illuminate\\Container\\Container.php(929): ReflectionClass->newInstanceArgs(Array)
#1 C:\\xampp8.2.0\\htdocs\\jcc\\apt\\vendor\\laravel\\framework\\src\\Illuminate\\Container\\Container.php(770): Illuminate\\Container\\Container->build('App\\\\Http\\\\Middle...')
#2 C:\\xampp8.2.0\\htdocs\\jcc\\apt\\vendor\\laravel\\framework\\src\\Illuminate\\Foundation\\Application.php(881): Illuminate\\Container\\Container->resolve('App\\\\Http\\\\Middle...', Array, true)
#3 C:\\xampp8.2.0\\htdocs\\jcc\\apt\\vendor\\laravel\\framework\\src\\Illuminate\\Container\\Container.php(706): Illuminate\\Foundation\\Application->resolve('App\\\\Http\\\\Middle...', Array)
#4 C:\\xampp8.2.0\\htdocs\\jcc\\apt\\vendor\\laravel\\framework\\src\\Illuminate\\Foundation\\Application.php(866): Illuminate\\Container\\Container->make('App\\\\Http\\\\Middle...', Array)
#5 C:\\xampp8.2.0\\htdocs\\jcc\\apt\\vendor\\laravel\\framework\\src\\Illuminate\\Foundation\\Http\\Kernel.php(239): Illuminate\\Foundation\\Application->make('App\\\\Http\\\\Middle...')
#6 C:\\xampp8.2.0\\htdocs\\jcc\\apt\\vendor\\laravel\\framework\\src\\Illuminate\\Foundation\\Http\\Kernel.php(203): Illuminate\\Foundation\\Http\\Kernel->terminateMiddleware(Object(Illuminate\\Http\\Request), Object(Illuminate\\Http\\Response))
#7 C:\\xampp8.2.0\\htdocs\\jcc\\index.php(60): Illuminate\\Foundation\\Http\\Kernel->terminate(Object(Illuminate\\Http\\Request), Object(Illuminate\\Http\\Response))
#8 {main}
"} 
[2025-02-10 10:35:28] production.ERROR: Undefined constant Illuminate\Http\Request::HEADER_X_FORWARDED_ALL {"exception":"[object] (Error(code: 0): Undefined constant Illuminate\\Http\\Request::HEADER_X_FORWARDED_ALL at C:\\xampp8.2.0\\htdocs\\jcc\\apt\\app\\Http\\Middleware\\TrustProxies.php:22)
[stacktrace]
#0 C:\\xampp8.2.0\\htdocs\\jcc\\apt\\vendor\\laravel\\framework\\src\\Illuminate\\Container\\Container.php(929): ReflectionClass->newInstanceArgs(Array)
#1 C:\\xampp8.2.0\\htdocs\\jcc\\apt\\vendor\\laravel\\framework\\src\\Illuminate\\Container\\Container.php(770): Illuminate\\Container\\Container->build('App\\\\Http\\\\Middle...')
#2 C:\\xampp8.2.0\\htdocs\\jcc\\apt\\vendor\\laravel\\framework\\src\\Illuminate\\Foundation\\Application.php(881): Illuminate\\Container\\Container->resolve('App\\\\Http\\\\Middle...', Array, true)
#3 C:\\xampp8.2.0\\htdocs\\jcc\\apt\\vendor\\laravel\\framework\\src\\Illuminate\\Container\\Container.php(706): Illuminate\\Foundation\\Application->resolve('App\\\\Http\\\\Middle...', Array)
#4 C:\\xampp8.2.0\\htdocs\\jcc\\apt\\vendor\\laravel\\framework\\src\\Illuminate\\Foundation\\Application.php(866): Illuminate\\Container\\Container->make('App\\\\Http\\\\Middle...', Array)
#5 C:\\xampp8.2.0\\htdocs\\jcc\\apt\\vendor\\laravel\\framework\\src\\Illuminate\\Pipeline\\Pipeline.php(169): Illuminate\\Foundation\\Application->make('App\\\\Http\\\\Middle...')
#6 C:\\xampp8.2.0\\htdocs\\jcc\\apt\\vendor\\laravel\\framework\\src\\Illuminate\\Pipeline\\Pipeline.php(116): Illuminate\\Pipeline\\Pipeline->Illuminate\\Pipeline\\{closure}(Object(Illuminate\\Http\\Request))
#7 C:\\xampp8.2.0\\htdocs\\jcc\\apt\\vendor\\laravel\\framework\\src\\Illuminate\\Foundation\\Http\\Kernel.php(165): Illuminate\\Pipeline\\Pipeline->then(Object(Closure))
#8 C:\\xampp8.2.0\\htdocs\\jcc\\apt\\vendor\\laravel\\framework\\src\\Illuminate\\Foundation\\Http\\Kernel.php(134): Illuminate\\Foundation\\Http\\Kernel->sendRequestThroughRouter(Object(Illuminate\\Http\\Request))
#9 C:\\xampp8.2.0\\htdocs\\jcc\\index.php(54): Illuminate\\Foundation\\Http\\Kernel->handle(Object(Illuminate\\Http\\Request))
#10 {main}
"} 
[2025-02-10 10:35:28] production.ERROR: Undefined constant Illuminate\Http\Request::HEADER_X_FORWARDED_ALL {"exception":"[object] (Error(code: 0): Undefined constant Illuminate\\Http\\Request::HEADER_X_FORWARDED_ALL at C:\\xampp8.2.0\\htdocs\\jcc\\apt\\app\\Http\\Middleware\\TrustProxies.php:22)
[stacktrace]
#0 C:\\xampp8.2.0\\htdocs\\jcc\\apt\\vendor\\laravel\\framework\\src\\Illuminate\\Container\\Container.php(929): ReflectionClass->newInstanceArgs(Array)
#1 C:\\xampp8.2.0\\htdocs\\jcc\\apt\\vendor\\laravel\\framework\\src\\Illuminate\\Container\\Container.php(770): Illuminate\\Container\\Container->build('App\\\\Http\\\\Middle...')
#2 C:\\xampp8.2.0\\htdocs\\jcc\\apt\\vendor\\laravel\\framework\\src\\Illuminate\\Foundation\\Application.php(881): Illuminate\\Container\\Container->resolve('App\\\\Http\\\\Middle...', Array, true)
#3 C:\\xampp8.2.0\\htdocs\\jcc\\apt\\vendor\\laravel\\framework\\src\\Illuminate\\Container\\Container.php(706): Illuminate\\Foundation\\Application->resolve('App\\\\Http\\\\Middle...', Array)
#4 C:\\xampp8.2.0\\htdocs\\jcc\\apt\\vendor\\laravel\\framework\\src\\Illuminate\\Foundation\\Application.php(866): Illuminate\\Container\\Container->make('App\\\\Http\\\\Middle...', Array)
#5 C:\\xampp8.2.0\\htdocs\\jcc\\apt\\vendor\\laravel\\framework\\src\\Illuminate\\Foundation\\Http\\Kernel.php(239): Illuminate\\Foundation\\Application->make('App\\\\Http\\\\Middle...')
#6 C:\\xampp8.2.0\\htdocs\\jcc\\apt\\vendor\\laravel\\framework\\src\\Illuminate\\Foundation\\Http\\Kernel.php(203): Illuminate\\Foundation\\Http\\Kernel->terminateMiddleware(Object(Illuminate\\Http\\Request), Object(Illuminate\\Http\\Response))
#7 C:\\xampp8.2.0\\htdocs\\jcc\\index.php(60): Illuminate\\Foundation\\Http\\Kernel->terminate(Object(Illuminate\\Http\\Request), Object(Illuminate\\Http\\Response))
#8 {main}
"} 
[2025-02-10 10:35:29] production.ERROR: Undefined constant Illuminate\Http\Request::HEADER_X_FORWARDED_ALL {"exception":"[object] (Error(code: 0): Undefined constant Illuminate\\Http\\Request::HEADER_X_FORWARDED_ALL at C:\\xampp8.2.0\\htdocs\\jcc\\apt\\app\\Http\\Middleware\\TrustProxies.php:22)
[stacktrace]
#0 C:\\xampp8.2.0\\htdocs\\jcc\\apt\\vendor\\laravel\\framework\\src\\Illuminate\\Container\\Container.php(929): ReflectionClass->newInstanceArgs(Array)
#1 C:\\xampp8.2.0\\htdocs\\jcc\\apt\\vendor\\laravel\\framework\\src\\Illuminate\\Container\\Container.php(770): Illuminate\\Container\\Container->build('App\\\\Http\\\\Middle...')
#2 C:\\xampp8.2.0\\htdocs\\jcc\\apt\\vendor\\laravel\\framework\\src\\Illuminate\\Foundation\\Application.php(881): Illuminate\\Container\\Container->resolve('App\\\\Http\\\\Middle...', Array, true)
#3 C:\\xampp8.2.0\\htdocs\\jcc\\apt\\vendor\\laravel\\framework\\src\\Illuminate\\Container\\Container.php(706): Illuminate\\Foundation\\Application->resolve('App\\\\Http\\\\Middle...', Array)
#4 C:\\xampp8.2.0\\htdocs\\jcc\\apt\\vendor\\laravel\\framework\\src\\Illuminate\\Foundation\\Application.php(866): Illuminate\\Container\\Container->make('App\\\\Http\\\\Middle...', Array)
#5 C:\\xampp8.2.0\\htdocs\\jcc\\apt\\vendor\\laravel\\framework\\src\\Illuminate\\Pipeline\\Pipeline.php(169): Illuminate\\Foundation\\Application->make('App\\\\Http\\\\Middle...')
#6 C:\\xampp8.2.0\\htdocs\\jcc\\apt\\vendor\\laravel\\framework\\src\\Illuminate\\Pipeline\\Pipeline.php(116): Illuminate\\Pipeline\\Pipeline->Illuminate\\Pipeline\\{closure}(Object(Illuminate\\Http\\Request))
#7 C:\\xampp8.2.0\\htdocs\\jcc\\apt\\vendor\\laravel\\framework\\src\\Illuminate\\Foundation\\Http\\Kernel.php(165): Illuminate\\Pipeline\\Pipeline->then(Object(Closure))
#8 C:\\xampp8.2.0\\htdocs\\jcc\\apt\\vendor\\laravel\\framework\\src\\Illuminate\\Foundation\\Http\\Kernel.php(134): Illuminate\\Foundation\\Http\\Kernel->sendRequestThroughRouter(Object(Illuminate\\Http\\Request))
#9 C:\\xampp8.2.0\\htdocs\\jcc\\index.php(54): Illuminate\\Foundation\\Http\\Kernel->handle(Object(Illuminate\\Http\\Request))
#10 {main}
"} 
[2025-02-10 10:35:29] production.ERROR: Undefined constant Illuminate\Http\Request::HEADER_X_FORWARDED_ALL {"exception":"[object] (Error(code: 0): Undefined constant Illuminate\\Http\\Request::HEADER_X_FORWARDED_ALL at C:\\xampp8.2.0\\htdocs\\jcc\\apt\\app\\Http\\Middleware\\TrustProxies.php:22)
[stacktrace]
#0 C:\\xampp8.2.0\\htdocs\\jcc\\apt\\vendor\\laravel\\framework\\src\\Illuminate\\Container\\Container.php(929): ReflectionClass->newInstanceArgs(Array)
#1 C:\\xampp8.2.0\\htdocs\\jcc\\apt\\vendor\\laravel\\framework\\src\\Illuminate\\Container\\Container.php(770): Illuminate\\Container\\Container->build('App\\\\Http\\\\Middle...')
#2 C:\\xampp8.2.0\\htdocs\\jcc\\apt\\vendor\\laravel\\framework\\src\\Illuminate\\Foundation\\Application.php(881): Illuminate\\Container\\Container->resolve('App\\\\Http\\\\Middle...', Array, true)
#3 C:\\xampp8.2.0\\htdocs\\jcc\\apt\\vendor\\laravel\\framework\\src\\Illuminate\\Container\\Container.php(706): Illuminate\\Foundation\\Application->resolve('App\\\\Http\\\\Middle...', Array)
#4 C:\\xampp8.2.0\\htdocs\\jcc\\apt\\vendor\\laravel\\framework\\src\\Illuminate\\Foundation\\Application.php(866): Illuminate\\Container\\Container->make('App\\\\Http\\\\Middle...', Array)
#5 C:\\xampp8.2.0\\htdocs\\jcc\\apt\\vendor\\laravel\\framework\\src\\Illuminate\\Foundation\\Http\\Kernel.php(239): Illuminate\\Foundation\\Application->make('App\\\\Http\\\\Middle...')
#6 C:\\xampp8.2.0\\htdocs\\jcc\\apt\\vendor\\laravel\\framework\\src\\Illuminate\\Foundation\\Http\\Kernel.php(203): Illuminate\\Foundation\\Http\\Kernel->terminateMiddleware(Object(Illuminate\\Http\\Request), Object(Illuminate\\Http\\Response))
#7 C:\\xampp8.2.0\\htdocs\\jcc\\index.php(60): Illuminate\\Foundation\\Http\\Kernel->terminate(Object(Illuminate\\Http\\Request), Object(Illuminate\\Http\\Response))
#8 {main}
"} 
[2025-02-10 10:35:30] production.ERROR: Undefined constant Illuminate\Http\Request::HEADER_X_FORWARDED_ALL {"exception":"[object] (Error(code: 0): Undefined constant Illuminate\\Http\\Request::HEADER_X_FORWARDED_ALL at C:\\xampp8.2.0\\htdocs\\jcc\\apt\\app\\Http\\Middleware\\TrustProxies.php:22)
[stacktrace]
#0 C:\\xampp8.2.0\\htdocs\\jcc\\apt\\vendor\\laravel\\framework\\src\\Illuminate\\Container\\Container.php(929): ReflectionClass->newInstanceArgs(Array)
#1 C:\\xampp8.2.0\\htdocs\\jcc\\apt\\vendor\\laravel\\framework\\src\\Illuminate\\Container\\Container.php(770): Illuminate\\Container\\Container->build('App\\\\Http\\\\Middle...')
#2 C:\\xampp8.2.0\\htdocs\\jcc\\apt\\vendor\\laravel\\framework\\src\\Illuminate\\Foundation\\Application.php(881): Illuminate\\Container\\Container->resolve('App\\\\Http\\\\Middle...', Array, true)
#3 C:\\xampp8.2.0\\htdocs\\jcc\\apt\\vendor\\laravel\\framework\\src\\Illuminate\\Container\\Container.php(706): Illuminate\\Foundation\\Application->resolve('App\\\\Http\\\\Middle...', Array)
#4 C:\\xampp8.2.0\\htdocs\\jcc\\apt\\vendor\\laravel\\framework\\src\\Illuminate\\Foundation\\Application.php(866): Illuminate\\Container\\Container->make('App\\\\Http\\\\Middle...', Array)
#5 C:\\xampp8.2.0\\htdocs\\jcc\\apt\\vendor\\laravel\\framework\\src\\Illuminate\\Pipeline\\Pipeline.php(169): Illuminate\\Foundation\\Application->make('App\\\\Http\\\\Middle...')
#6 C:\\xampp8.2.0\\htdocs\\jcc\\apt\\vendor\\laravel\\framework\\src\\Illuminate\\Pipeline\\Pipeline.php(116): Illuminate\\Pipeline\\Pipeline->Illuminate\\Pipeline\\{closure}(Object(Illuminate\\Http\\Request))
#7 C:\\xampp8.2.0\\htdocs\\jcc\\apt\\vendor\\laravel\\framework\\src\\Illuminate\\Foundation\\Http\\Kernel.php(165): Illuminate\\Pipeline\\Pipeline->then(Object(Closure))
#8 C:\\xampp8.2.0\\htdocs\\jcc\\apt\\vendor\\laravel\\framework\\src\\Illuminate\\Foundation\\Http\\Kernel.php(134): Illuminate\\Foundation\\Http\\Kernel->sendRequestThroughRouter(Object(Illuminate\\Http\\Request))
#9 C:\\xampp8.2.0\\htdocs\\jcc\\index.php(54): Illuminate\\Foundation\\Http\\Kernel->handle(Object(Illuminate\\Http\\Request))
#10 {main}
"} 
[2025-02-10 10:35:30] production.ERROR: Undefined constant Illuminate\Http\Request::HEADER_X_FORWARDED_ALL {"exception":"[object] (Error(code: 0): Undefined constant Illuminate\\Http\\Request::HEADER_X_FORWARDED_ALL at C:\\xampp8.2.0\\htdocs\\jcc\\apt\\app\\Http\\Middleware\\TrustProxies.php:22)
[stacktrace]
#0 C:\\xampp8.2.0\\htdocs\\jcc\\apt\\vendor\\laravel\\framework\\src\\Illuminate\\Container\\Container.php(929): ReflectionClass->newInstanceArgs(Array)
#1 C:\\xampp8.2.0\\htdocs\\jcc\\apt\\vendor\\laravel\\framework\\src\\Illuminate\\Container\\Container.php(770): Illuminate\\Container\\Container->build('App\\\\Http\\\\Middle...')
#2 C:\\xampp8.2.0\\htdocs\\jcc\\apt\\vendor\\laravel\\framework\\src\\Illuminate\\Foundation\\Application.php(881): Illuminate\\Container\\Container->resolve('App\\\\Http\\\\Middle...', Array, true)
#3 C:\\xampp8.2.0\\htdocs\\jcc\\apt\\vendor\\laravel\\framework\\src\\Illuminate\\Container\\Container.php(706): Illuminate\\Foundation\\Application->resolve('App\\\\Http\\\\Middle...', Array)
#4 C:\\xampp8.2.0\\htdocs\\jcc\\apt\\vendor\\laravel\\framework\\src\\Illuminate\\Foundation\\Application.php(866): Illuminate\\Container\\Container->make('App\\\\Http\\\\Middle...', Array)
#5 C:\\xampp8.2.0\\htdocs\\jcc\\apt\\vendor\\laravel\\framework\\src\\Illuminate\\Foundation\\Http\\Kernel.php(239): Illuminate\\Foundation\\Application->make('App\\\\Http\\\\Middle...')
#6 C:\\xampp8.2.0\\htdocs\\jcc\\apt\\vendor\\laravel\\framework\\src\\Illuminate\\Foundation\\Http\\Kernel.php(203): Illuminate\\Foundation\\Http\\Kernel->terminateMiddleware(Object(Illuminate\\Http\\Request), Object(Illuminate\\Http\\Response))
#7 C:\\xampp8.2.0\\htdocs\\jcc\\index.php(60): Illuminate\\Foundation\\Http\\Kernel->terminate(Object(Illuminate\\Http\\Request), Object(Illuminate\\Http\\Response))
#8 {main}
"} 
[2025-02-10 10:35:30] production.ERROR: Undefined constant Illuminate\Http\Request::HEADER_X_FORWARDED_ALL {"exception":"[object] (Error(code: 0): Undefined constant Illuminate\\Http\\Request::HEADER_X_FORWARDED_ALL at C:\\xampp8.2.0\\htdocs\\jcc\\apt\\app\\Http\\Middleware\\TrustProxies.php:22)
[stacktrace]
#0 C:\\xampp8.2.0\\htdocs\\jcc\\apt\\vendor\\laravel\\framework\\src\\Illuminate\\Container\\Container.php(929): ReflectionClass->newInstanceArgs(Array)
#1 C:\\xampp8.2.0\\htdocs\\jcc\\apt\\vendor\\laravel\\framework\\src\\Illuminate\\Container\\Container.php(770): Illuminate\\Container\\Container->build('App\\\\Http\\\\Middle...')
#2 C:\\xampp8.2.0\\htdocs\\jcc\\apt\\vendor\\laravel\\framework\\src\\Illuminate\\Foundation\\Application.php(881): Illuminate\\Container\\Container->resolve('App\\\\Http\\\\Middle...', Array, true)
#3 C:\\xampp8.2.0\\htdocs\\jcc\\apt\\vendor\\laravel\\framework\\src\\Illuminate\\Container\\Container.php(706): Illuminate\\Foundation\\Application->resolve('App\\\\Http\\\\Middle...', Array)
#4 C:\\xampp8.2.0\\htdocs\\jcc\\apt\\vendor\\laravel\\framework\\src\\Illuminate\\Foundation\\Application.php(866): Illuminate\\Container\\Container->make('App\\\\Http\\\\Middle...', Array)
#5 C:\\xampp8.2.0\\htdocs\\jcc\\apt\\vendor\\laravel\\framework\\src\\Illuminate\\Pipeline\\Pipeline.php(169): Illuminate\\Foundation\\Application->make('App\\\\Http\\\\Middle...')
#6 C:\\xampp8.2.0\\htdocs\\jcc\\apt\\vendor\\laravel\\framework\\src\\Illuminate\\Pipeline\\Pipeline.php(116): Illuminate\\Pipeline\\Pipeline->Illuminate\\Pipeline\\{closure}(Object(Illuminate\\Http\\Request))
#7 C:\\xampp8.2.0\\htdocs\\jcc\\apt\\vendor\\laravel\\framework\\src\\Illuminate\\Foundation\\Http\\Kernel.php(165): Illuminate\\Pipeline\\Pipeline->then(Object(Closure))
#8 C:\\xampp8.2.0\\htdocs\\jcc\\apt\\vendor\\laravel\\framework\\src\\Illuminate\\Foundation\\Http\\Kernel.php(134): Illuminate\\Foundation\\Http\\Kernel->sendRequestThroughRouter(Object(Illuminate\\Http\\Request))
#9 C:\\xampp8.2.0\\htdocs\\jcc\\index.php(54): Illuminate\\Foundation\\Http\\Kernel->handle(Object(Illuminate\\Http\\Request))
#10 {main}
"} 
[2025-02-10 10:35:30] production.ERROR: Undefined constant Illuminate\Http\Request::HEADER_X_FORWARDED_ALL {"exception":"[object] (Error(code: 0): Undefined constant Illuminate\\Http\\Request::HEADER_X_FORWARDED_ALL at C:\\xampp8.2.0\\htdocs\\jcc\\apt\\app\\Http\\Middleware\\TrustProxies.php:22)
[stacktrace]
#0 C:\\xampp8.2.0\\htdocs\\jcc\\apt\\vendor\\laravel\\framework\\src\\Illuminate\\Container\\Container.php(929): ReflectionClass->newInstanceArgs(Array)
#1 C:\\xampp8.2.0\\htdocs\\jcc\\apt\\vendor\\laravel\\framework\\src\\Illuminate\\Container\\Container.php(770): Illuminate\\Container\\Container->build('App\\\\Http\\\\Middle...')
#2 C:\\xampp8.2.0\\htdocs\\jcc\\apt\\vendor\\laravel\\framework\\src\\Illuminate\\Foundation\\Application.php(881): Illuminate\\Container\\Container->resolve('App\\\\Http\\\\Middle...', Array, true)
#3 C:\\xampp8.2.0\\htdocs\\jcc\\apt\\vendor\\laravel\\framework\\src\\Illuminate\\Container\\Container.php(706): Illuminate\\Foundation\\Application->resolve('App\\\\Http\\\\Middle...', Array)
#4 C:\\xampp8.2.0\\htdocs\\jcc\\apt\\vendor\\laravel\\framework\\src\\Illuminate\\Foundation\\Application.php(866): Illuminate\\Container\\Container->make('App\\\\Http\\\\Middle...', Array)
#5 C:\\xampp8.2.0\\htdocs\\jcc\\apt\\vendor\\laravel\\framework\\src\\Illuminate\\Foundation\\Http\\Kernel.php(239): Illuminate\\Foundation\\Application->make('App\\\\Http\\\\Middle...')
#6 C:\\xampp8.2.0\\htdocs\\jcc\\apt\\vendor\\laravel\\framework\\src\\Illuminate\\Foundation\\Http\\Kernel.php(203): Illuminate\\Foundation\\Http\\Kernel->terminateMiddleware(Object(Illuminate\\Http\\Request), Object(Illuminate\\Http\\Response))
#7 C:\\xampp8.2.0\\htdocs\\jcc\\index.php(60): Illuminate\\Foundation\\Http\\Kernel->terminate(Object(Illuminate\\Http\\Request), Object(Illuminate\\Http\\Response))
#8 {main}
"} 
[2025-02-10 10:39:06] production.ERROR: Undefined constant Illuminate\Http\Request::HEADER_X_FORWARDED_ALL {"exception":"[object] (Error(code: 0): Undefined constant Illuminate\\Http\\Request::HEADER_X_FORWARDED_ALL at C:\\xampp8.2.0\\htdocs\\jcc\\apt\\app\\Http\\Middleware\\TrustProxies.php:22)
[stacktrace]
#0 C:\\xampp8.2.0\\htdocs\\jcc\\apt\\vendor\\laravel\\framework\\src\\Illuminate\\Container\\Container.php(929): ReflectionClass->newInstanceArgs(Array)
#1 C:\\xampp8.2.0\\htdocs\\jcc\\apt\\vendor\\laravel\\framework\\src\\Illuminate\\Container\\Container.php(770): Illuminate\\Container\\Container->build('App\\\\Http\\\\Middle...')
#2 C:\\xampp8.2.0\\htdocs\\jcc\\apt\\vendor\\laravel\\framework\\src\\Illuminate\\Foundation\\Application.php(881): Illuminate\\Container\\Container->resolve('App\\\\Http\\\\Middle...', Array, true)
#3 C:\\xampp8.2.0\\htdocs\\jcc\\apt\\vendor\\laravel\\framework\\src\\Illuminate\\Container\\Container.php(706): Illuminate\\Foundation\\Application->resolve('App\\\\Http\\\\Middle...', Array)
#4 C:\\xampp8.2.0\\htdocs\\jcc\\apt\\vendor\\laravel\\framework\\src\\Illuminate\\Foundation\\Application.php(866): Illuminate\\Container\\Container->make('App\\\\Http\\\\Middle...', Array)
#5 C:\\xampp8.2.0\\htdocs\\jcc\\apt\\vendor\\laravel\\framework\\src\\Illuminate\\Pipeline\\Pipeline.php(169): Illuminate\\Foundation\\Application->make('App\\\\Http\\\\Middle...')
#6 C:\\xampp8.2.0\\htdocs\\jcc\\apt\\vendor\\laravel\\framework\\src\\Illuminate\\Pipeline\\Pipeline.php(116): Illuminate\\Pipeline\\Pipeline->Illuminate\\Pipeline\\{closure}(Object(Illuminate\\Http\\Request))
#7 C:\\xampp8.2.0\\htdocs\\jcc\\apt\\vendor\\laravel\\framework\\src\\Illuminate\\Foundation\\Http\\Kernel.php(165): Illuminate\\Pipeline\\Pipeline->then(Object(Closure))
#8 C:\\xampp8.2.0\\htdocs\\jcc\\apt\\vendor\\laravel\\framework\\src\\Illuminate\\Foundation\\Http\\Kernel.php(134): Illuminate\\Foundation\\Http\\Kernel->sendRequestThroughRouter(Object(Illuminate\\Http\\Request))
#9 C:\\xampp8.2.0\\htdocs\\jcc\\index.php(54): Illuminate\\Foundation\\Http\\Kernel->handle(Object(Illuminate\\Http\\Request))
#10 {main}
"} 
[2025-02-10 10:39:06] production.ERROR: Undefined constant Illuminate\Http\Request::HEADER_X_FORWARDED_ALL {"exception":"[object] (Error(code: 0): Undefined constant Illuminate\\Http\\Request::HEADER_X_FORWARDED_ALL at C:\\xampp8.2.0\\htdocs\\jcc\\apt\\app\\Http\\Middleware\\TrustProxies.php:22)
[stacktrace]
#0 C:\\xampp8.2.0\\htdocs\\jcc\\apt\\vendor\\laravel\\framework\\src\\Illuminate\\Container\\Container.php(929): ReflectionClass->newInstanceArgs(Array)
#1 C:\\xampp8.2.0\\htdocs\\jcc\\apt\\vendor\\laravel\\framework\\src\\Illuminate\\Container\\Container.php(770): Illuminate\\Container\\Container->build('App\\\\Http\\\\Middle...')
#2 C:\\xampp8.2.0\\htdocs\\jcc\\apt\\vendor\\laravel\\framework\\src\\Illuminate\\Foundation\\Application.php(881): Illuminate\\Container\\Container->resolve('App\\\\Http\\\\Middle...', Array, true)
#3 C:\\xampp8.2.0\\htdocs\\jcc\\apt\\vendor\\laravel\\framework\\src\\Illuminate\\Container\\Container.php(706): Illuminate\\Foundation\\Application->resolve('App\\\\Http\\\\Middle...', Array)
#4 C:\\xampp8.2.0\\htdocs\\jcc\\apt\\vendor\\laravel\\framework\\src\\Illuminate\\Foundation\\Application.php(866): Illuminate\\Container\\Container->make('App\\\\Http\\\\Middle...', Array)
#5 C:\\xampp8.2.0\\htdocs\\jcc\\apt\\vendor\\laravel\\framework\\src\\Illuminate\\Foundation\\Http\\Kernel.php(239): Illuminate\\Foundation\\Application->make('App\\\\Http\\\\Middle...')
#6 C:\\xampp8.2.0\\htdocs\\jcc\\apt\\vendor\\laravel\\framework\\src\\Illuminate\\Foundation\\Http\\Kernel.php(203): Illuminate\\Foundation\\Http\\Kernel->terminateMiddleware(Object(Illuminate\\Http\\Request), Object(Illuminate\\Http\\Response))
#7 C:\\xampp8.2.0\\htdocs\\jcc\\index.php(60): Illuminate\\Foundation\\Http\\Kernel->terminate(Object(Illuminate\\Http\\Request), Object(Illuminate\\Http\\Response))
#8 {main}
"} 
[2025-02-10 10:39:08] production.ERROR: Undefined constant Illuminate\Http\Request::HEADER_X_FORWARDED_ALL {"exception":"[object] (Error(code: 0): Undefined constant Illuminate\\Http\\Request::HEADER_X_FORWARDED_ALL at C:\\xampp8.2.0\\htdocs\\jcc\\apt\\app\\Http\\Middleware\\TrustProxies.php:22)
[stacktrace]
#0 C:\\xampp8.2.0\\htdocs\\jcc\\apt\\vendor\\laravel\\framework\\src\\Illuminate\\Container\\Container.php(929): ReflectionClass->newInstanceArgs(Array)
#1 C:\\xampp8.2.0\\htdocs\\jcc\\apt\\vendor\\laravel\\framework\\src\\Illuminate\\Container\\Container.php(770): Illuminate\\Container\\Container->build('App\\\\Http\\\\Middle...')
#2 C:\\xampp8.2.0\\htdocs\\jcc\\apt\\vendor\\laravel\\framework\\src\\Illuminate\\Foundation\\Application.php(881): Illuminate\\Container\\Container->resolve('App\\\\Http\\\\Middle...', Array, true)
#3 C:\\xampp8.2.0\\htdocs\\jcc\\apt\\vendor\\laravel\\framework\\src\\Illuminate\\Container\\Container.php(706): Illuminate\\Foundation\\Application->resolve('App\\\\Http\\\\Middle...', Array)
#4 C:\\xampp8.2.0\\htdocs\\jcc\\apt\\vendor\\laravel\\framework\\src\\Illuminate\\Foundation\\Application.php(866): Illuminate\\Container\\Container->make('App\\\\Http\\\\Middle...', Array)
#5 C:\\xampp8.2.0\\htdocs\\jcc\\apt\\vendor\\laravel\\framework\\src\\Illuminate\\Pipeline\\Pipeline.php(169): Illuminate\\Foundation\\Application->make('App\\\\Http\\\\Middle...')
#6 C:\\xampp8.2.0\\htdocs\\jcc\\apt\\vendor\\laravel\\framework\\src\\Illuminate\\Pipeline\\Pipeline.php(116): Illuminate\\Pipeline\\Pipeline->Illuminate\\Pipeline\\{closure}(Object(Illuminate\\Http\\Request))
#7 C:\\xampp8.2.0\\htdocs\\jcc\\apt\\vendor\\laravel\\framework\\src\\Illuminate\\Foundation\\Http\\Kernel.php(165): Illuminate\\Pipeline\\Pipeline->then(Object(Closure))
#8 C:\\xampp8.2.0\\htdocs\\jcc\\apt\\vendor\\laravel\\framework\\src\\Illuminate\\Foundation\\Http\\Kernel.php(134): Illuminate\\Foundation\\Http\\Kernel->sendRequestThroughRouter(Object(Illuminate\\Http\\Request))
#9 C:\\xampp8.2.0\\htdocs\\jcc\\index.php(54): Illuminate\\Foundation\\Http\\Kernel->handle(Object(Illuminate\\Http\\Request))
#10 {main}
"} 
[2025-02-10 10:39:08] production.ERROR: Undefined constant Illuminate\Http\Request::HEADER_X_FORWARDED_ALL {"exception":"[object] (Error(code: 0): Undefined constant Illuminate\\Http\\Request::HEADER_X_FORWARDED_ALL at C:\\xampp8.2.0\\htdocs\\jcc\\apt\\app\\Http\\Middleware\\TrustProxies.php:22)
[stacktrace]
#0 C:\\xampp8.2.0\\htdocs\\jcc\\apt\\vendor\\laravel\\framework\\src\\Illuminate\\Container\\Container.php(929): ReflectionClass->newInstanceArgs(Array)
#1 C:\\xampp8.2.0\\htdocs\\jcc\\apt\\vendor\\laravel\\framework\\src\\Illuminate\\Container\\Container.php(770): Illuminate\\Container\\Container->build('App\\\\Http\\\\Middle...')
#2 C:\\xampp8.2.0\\htdocs\\jcc\\apt\\vendor\\laravel\\framework\\src\\Illuminate\\Foundation\\Application.php(881): Illuminate\\Container\\Container->resolve('App\\\\Http\\\\Middle...', Array, true)
#3 C:\\xampp8.2.0\\htdocs\\jcc\\apt\\vendor\\laravel\\framework\\src\\Illuminate\\Container\\Container.php(706): Illuminate\\Foundation\\Application->resolve('App\\\\Http\\\\Middle...', Array)
#4 C:\\xampp8.2.0\\htdocs\\jcc\\apt\\vendor\\laravel\\framework\\src\\Illuminate\\Foundation\\Application.php(866): Illuminate\\Container\\Container->make('App\\\\Http\\\\Middle...', Array)
#5 C:\\xampp8.2.0\\htdocs\\jcc\\apt\\vendor\\laravel\\framework\\src\\Illuminate\\Foundation\\Http\\Kernel.php(239): Illuminate\\Foundation\\Application->make('App\\\\Http\\\\Middle...')
#6 C:\\xampp8.2.0\\htdocs\\jcc\\apt\\vendor\\laravel\\framework\\src\\Illuminate\\Foundation\\Http\\Kernel.php(203): Illuminate\\Foundation\\Http\\Kernel->terminateMiddleware(Object(Illuminate\\Http\\Request), Object(Illuminate\\Http\\Response))
#7 C:\\xampp8.2.0\\htdocs\\jcc\\index.php(60): Illuminate\\Foundation\\Http\\Kernel->terminate(Object(Illuminate\\Http\\Request), Object(Illuminate\\Http\\Response))
#8 {main}
"} 
[2025-02-10 10:39:09] production.ERROR: Undefined constant Illuminate\Http\Request::HEADER_X_FORWARDED_ALL {"exception":"[object] (Error(code: 0): Undefined constant Illuminate\\Http\\Request::HEADER_X_FORWARDED_ALL at C:\\xampp8.2.0\\htdocs\\jcc\\apt\\app\\Http\\Middleware\\TrustProxies.php:22)
[stacktrace]
#0 C:\\xampp8.2.0\\htdocs\\jcc\\apt\\vendor\\laravel\\framework\\src\\Illuminate\\Container\\Container.php(929): ReflectionClass->newInstanceArgs(Array)
#1 C:\\xampp8.2.0\\htdocs\\jcc\\apt\\vendor\\laravel\\framework\\src\\Illuminate\\Container\\Container.php(770): Illuminate\\Container\\Container->build('App\\\\Http\\\\Middle...')
#2 C:\\xampp8.2.0\\htdocs\\jcc\\apt\\vendor\\laravel\\framework\\src\\Illuminate\\Foundation\\Application.php(881): Illuminate\\Container\\Container->resolve('App\\\\Http\\\\Middle...', Array, true)
#3 C:\\xampp8.2.0\\htdocs\\jcc\\apt\\vendor\\laravel\\framework\\src\\Illuminate\\Container\\Container.php(706): Illuminate\\Foundation\\Application->resolve('App\\\\Http\\\\Middle...', Array)
#4 C:\\xampp8.2.0\\htdocs\\jcc\\apt\\vendor\\laravel\\framework\\src\\Illuminate\\Foundation\\Application.php(866): Illuminate\\Container\\Container->make('App\\\\Http\\\\Middle...', Array)
#5 C:\\xampp8.2.0\\htdocs\\jcc\\apt\\vendor\\laravel\\framework\\src\\Illuminate\\Pipeline\\Pipeline.php(169): Illuminate\\Foundation\\Application->make('App\\\\Http\\\\Middle...')
#6 C:\\xampp8.2.0\\htdocs\\jcc\\apt\\vendor\\laravel\\framework\\src\\Illuminate\\Pipeline\\Pipeline.php(116): Illuminate\\Pipeline\\Pipeline->Illuminate\\Pipeline\\{closure}(Object(Illuminate\\Http\\Request))
#7 C:\\xampp8.2.0\\htdocs\\jcc\\apt\\vendor\\laravel\\framework\\src\\Illuminate\\Foundation\\Http\\Kernel.php(165): Illuminate\\Pipeline\\Pipeline->then(Object(Closure))
#8 C:\\xampp8.2.0\\htdocs\\jcc\\apt\\vendor\\laravel\\framework\\src\\Illuminate\\Foundation\\Http\\Kernel.php(134): Illuminate\\Foundation\\Http\\Kernel->sendRequestThroughRouter(Object(Illuminate\\Http\\Request))
#9 C:\\xampp8.2.0\\htdocs\\jcc\\index.php(54): Illuminate\\Foundation\\Http\\Kernel->handle(Object(Illuminate\\Http\\Request))
#10 {main}
"} 
[2025-02-10 10:39:09] production.ERROR: Undefined constant Illuminate\Http\Request::HEADER_X_FORWARDED_ALL {"exception":"[object] (Error(code: 0): Undefined constant Illuminate\\Http\\Request::HEADER_X_FORWARDED_ALL at C:\\xampp8.2.0\\htdocs\\jcc\\apt\\app\\Http\\Middleware\\TrustProxies.php:22)
[stacktrace]
#0 C:\\xampp8.2.0\\htdocs\\jcc\\apt\\vendor\\laravel\\framework\\src\\Illuminate\\Container\\Container.php(929): ReflectionClass->newInstanceArgs(Array)
#1 C:\\xampp8.2.0\\htdocs\\jcc\\apt\\vendor\\laravel\\framework\\src\\Illuminate\\Container\\Container.php(770): Illuminate\\Container\\Container->build('App\\\\Http\\\\Middle...')
#2 C:\\xampp8.2.0\\htdocs\\jcc\\apt\\vendor\\laravel\\framework\\src\\Illuminate\\Foundation\\Application.php(881): Illuminate\\Container\\Container->resolve('App\\\\Http\\\\Middle...', Array, true)
#3 C:\\xampp8.2.0\\htdocs\\jcc\\apt\\vendor\\laravel\\framework\\src\\Illuminate\\Container\\Container.php(706): Illuminate\\Foundation\\Application->resolve('App\\\\Http\\\\Middle...', Array)
#4 C:\\xampp8.2.0\\htdocs\\jcc\\apt\\vendor\\laravel\\framework\\src\\Illuminate\\Foundation\\Application.php(866): Illuminate\\Container\\Container->make('App\\\\Http\\\\Middle...', Array)
#5 C:\\xampp8.2.0\\htdocs\\jcc\\apt\\vendor\\laravel\\framework\\src\\Illuminate\\Foundation\\Http\\Kernel.php(239): Illuminate\\Foundation\\Application->make('App\\\\Http\\\\Middle...')
#6 C:\\xampp8.2.0\\htdocs\\jcc\\apt\\vendor\\laravel\\framework\\src\\Illuminate\\Foundation\\Http\\Kernel.php(203): Illuminate\\Foundation\\Http\\Kernel->terminateMiddleware(Object(Illuminate\\Http\\Request), Object(Illuminate\\Http\\Response))
#7 C:\\xampp8.2.0\\htdocs\\jcc\\index.php(60): Illuminate\\Foundation\\Http\\Kernel->terminate(Object(Illuminate\\Http\\Request), Object(Illuminate\\Http\\Response))
#8 {main}
"} 
[2025-02-10 10:39:10] production.ERROR: Undefined constant Illuminate\Http\Request::HEADER_X_FORWARDED_ALL {"exception":"[object] (Error(code: 0): Undefined constant Illuminate\\Http\\Request::HEADER_X_FORWARDED_ALL at C:\\xampp8.2.0\\htdocs\\jcc\\apt\\app\\Http\\Middleware\\TrustProxies.php:22)
[stacktrace]
#0 C:\\xampp8.2.0\\htdocs\\jcc\\apt\\vendor\\laravel\\framework\\src\\Illuminate\\Container\\Container.php(929): ReflectionClass->newInstanceArgs(Array)
#1 C:\\xampp8.2.0\\htdocs\\jcc\\apt\\vendor\\laravel\\framework\\src\\Illuminate\\Container\\Container.php(770): Illuminate\\Container\\Container->build('App\\\\Http\\\\Middle...')
#2 C:\\xampp8.2.0\\htdocs\\jcc\\apt\\vendor\\laravel\\framework\\src\\Illuminate\\Foundation\\Application.php(881): Illuminate\\Container\\Container->resolve('App\\\\Http\\\\Middle...', Array, true)
#3 C:\\xampp8.2.0\\htdocs\\jcc\\apt\\vendor\\laravel\\framework\\src\\Illuminate\\Container\\Container.php(706): Illuminate\\Foundation\\Application->resolve('App\\\\Http\\\\Middle...', Array)
#4 C:\\xampp8.2.0\\htdocs\\jcc\\apt\\vendor\\laravel\\framework\\src\\Illuminate\\Foundation\\Application.php(866): Illuminate\\Container\\Container->make('App\\\\Http\\\\Middle...', Array)
#5 C:\\xampp8.2.0\\htdocs\\jcc\\apt\\vendor\\laravel\\framework\\src\\Illuminate\\Pipeline\\Pipeline.php(169): Illuminate\\Foundation\\Application->make('App\\\\Http\\\\Middle...')
#6 C:\\xampp8.2.0\\htdocs\\jcc\\apt\\vendor\\laravel\\framework\\src\\Illuminate\\Pipeline\\Pipeline.php(116): Illuminate\\Pipeline\\Pipeline->Illuminate\\Pipeline\\{closure}(Object(Illuminate\\Http\\Request))
#7 C:\\xampp8.2.0\\htdocs\\jcc\\apt\\vendor\\laravel\\framework\\src\\Illuminate\\Foundation\\Http\\Kernel.php(165): Illuminate\\Pipeline\\Pipeline->then(Object(Closure))
#8 C:\\xampp8.2.0\\htdocs\\jcc\\apt\\vendor\\laravel\\framework\\src\\Illuminate\\Foundation\\Http\\Kernel.php(134): Illuminate\\Foundation\\Http\\Kernel->sendRequestThroughRouter(Object(Illuminate\\Http\\Request))
#9 C:\\xampp8.2.0\\htdocs\\jcc\\index.php(54): Illuminate\\Foundation\\Http\\Kernel->handle(Object(Illuminate\\Http\\Request))
#10 {main}
"} 
[2025-02-10 10:39:10] production.ERROR: Undefined constant Illuminate\Http\Request::HEADER_X_FORWARDED_ALL {"exception":"[object] (Error(code: 0): Undefined constant Illuminate\\Http\\Request::HEADER_X_FORWARDED_ALL at C:\\xampp8.2.0\\htdocs\\jcc\\apt\\app\\Http\\Middleware\\TrustProxies.php:22)
[stacktrace]
#0 C:\\xampp8.2.0\\htdocs\\jcc\\apt\\vendor\\laravel\\framework\\src\\Illuminate\\Container\\Container.php(929): ReflectionClass->newInstanceArgs(Array)
#1 C:\\xampp8.2.0\\htdocs\\jcc\\apt\\vendor\\laravel\\framework\\src\\Illuminate\\Container\\Container.php(770): Illuminate\\Container\\Container->build('App\\\\Http\\\\Middle...')
#2 C:\\xampp8.2.0\\htdocs\\jcc\\apt\\vendor\\laravel\\framework\\src\\Illuminate\\Foundation\\Application.php(881): Illuminate\\Container\\Container->resolve('App\\\\Http\\\\Middle...', Array, true)
#3 C:\\xampp8.2.0\\htdocs\\jcc\\apt\\vendor\\laravel\\framework\\src\\Illuminate\\Container\\Container.php(706): Illuminate\\Foundation\\Application->resolve('App\\\\Http\\\\Middle...', Array)
#4 C:\\xampp8.2.0\\htdocs\\jcc\\apt\\vendor\\laravel\\framework\\src\\Illuminate\\Foundation\\Application.php(866): Illuminate\\Container\\Container->make('App\\\\Http\\\\Middle...', Array)
#5 C:\\xampp8.2.0\\htdocs\\jcc\\apt\\vendor\\laravel\\framework\\src\\Illuminate\\Foundation\\Http\\Kernel.php(239): Illuminate\\Foundation\\Application->make('App\\\\Http\\\\Middle...')
#6 C:\\xampp8.2.0\\htdocs\\jcc\\apt\\vendor\\laravel\\framework\\src\\Illuminate\\Foundation\\Http\\Kernel.php(203): Illuminate\\Foundation\\Http\\Kernel->terminateMiddleware(Object(Illuminate\\Http\\Request), Object(Illuminate\\Http\\Response))
#7 C:\\xampp8.2.0\\htdocs\\jcc\\index.php(60): Illuminate\\Foundation\\Http\\Kernel->terminate(Object(Illuminate\\Http\\Request), Object(Illuminate\\Http\\Response))
#8 {main}
"} 
[2025-02-10 10:39:53] production.ERROR: Undefined constant Illuminate\Http\Request::HEADER_X_FORWARDED_ALL {"exception":"[object] (Error(code: 0): Undefined constant Illuminate\\Http\\Request::HEADER_X_FORWARDED_ALL at C:\\xampp8.2.0\\htdocs\\jcc\\apt\\app\\Http\\Middleware\\TrustProxies.php:22)
[stacktrace]
#0 C:\\xampp8.2.0\\htdocs\\jcc\\apt\\vendor\\laravel\\framework\\src\\Illuminate\\Container\\Container.php(929): ReflectionClass->newInstanceArgs(Array)
#1 C:\\xampp8.2.0\\htdocs\\jcc\\apt\\vendor\\laravel\\framework\\src\\Illuminate\\Container\\Container.php(770): Illuminate\\Container\\Container->build('App\\\\Http\\\\Middle...')
#2 C:\\xampp8.2.0\\htdocs\\jcc\\apt\\vendor\\laravel\\framework\\src\\Illuminate\\Foundation\\Application.php(881): Illuminate\\Container\\Container->resolve('App\\\\Http\\\\Middle...', Array, true)
#3 C:\\xampp8.2.0\\htdocs\\jcc\\apt\\vendor\\laravel\\framework\\src\\Illuminate\\Container\\Container.php(706): Illuminate\\Foundation\\Application->resolve('App\\\\Http\\\\Middle...', Array)
#4 C:\\xampp8.2.0\\htdocs\\jcc\\apt\\vendor\\laravel\\framework\\src\\Illuminate\\Foundation\\Application.php(866): Illuminate\\Container\\Container->make('App\\\\Http\\\\Middle...', Array)
#5 C:\\xampp8.2.0\\htdocs\\jcc\\apt\\vendor\\laravel\\framework\\src\\Illuminate\\Pipeline\\Pipeline.php(169): Illuminate\\Foundation\\Application->make('App\\\\Http\\\\Middle...')
#6 C:\\xampp8.2.0\\htdocs\\jcc\\apt\\vendor\\laravel\\framework\\src\\Illuminate\\Pipeline\\Pipeline.php(116): Illuminate\\Pipeline\\Pipeline->Illuminate\\Pipeline\\{closure}(Object(Illuminate\\Http\\Request))
#7 C:\\xampp8.2.0\\htdocs\\jcc\\apt\\vendor\\laravel\\framework\\src\\Illuminate\\Foundation\\Http\\Kernel.php(165): Illuminate\\Pipeline\\Pipeline->then(Object(Closure))
#8 C:\\xampp8.2.0\\htdocs\\jcc\\apt\\vendor\\laravel\\framework\\src\\Illuminate\\Foundation\\Http\\Kernel.php(134): Illuminate\\Foundation\\Http\\Kernel->sendRequestThroughRouter(Object(Illuminate\\Http\\Request))
#9 C:\\xampp8.2.0\\htdocs\\jcc\\index.php(54): Illuminate\\Foundation\\Http\\Kernel->handle(Object(Illuminate\\Http\\Request))
#10 {main}
"} 
[2025-02-10 10:39:53] production.ERROR: Undefined constant Illuminate\Http\Request::HEADER_X_FORWARDED_ALL {"exception":"[object] (Error(code: 0): Undefined constant Illuminate\\Http\\Request::HEADER_X_FORWARDED_ALL at C:\\xampp8.2.0\\htdocs\\jcc\\apt\\app\\Http\\Middleware\\TrustProxies.php:22)
[stacktrace]
#0 C:\\xampp8.2.0\\htdocs\\jcc\\apt\\vendor\\laravel\\framework\\src\\Illuminate\\Container\\Container.php(929): ReflectionClass->newInstanceArgs(Array)
#1 C:\\xampp8.2.0\\htdocs\\jcc\\apt\\vendor\\laravel\\framework\\src\\Illuminate\\Container\\Container.php(770): Illuminate\\Container\\Container->build('App\\\\Http\\\\Middle...')
#2 C:\\xampp8.2.0\\htdocs\\jcc\\apt\\vendor\\laravel\\framework\\src\\Illuminate\\Foundation\\Application.php(881): Illuminate\\Container\\Container->resolve('App\\\\Http\\\\Middle...', Array, true)
#3 C:\\xampp8.2.0\\htdocs\\jcc\\apt\\vendor\\laravel\\framework\\src\\Illuminate\\Container\\Container.php(706): Illuminate\\Foundation\\Application->resolve('App\\\\Http\\\\Middle...', Array)
#4 C:\\xampp8.2.0\\htdocs\\jcc\\apt\\vendor\\laravel\\framework\\src\\Illuminate\\Foundation\\Application.php(866): Illuminate\\Container\\Container->make('App\\\\Http\\\\Middle...', Array)
#5 C:\\xampp8.2.0\\htdocs\\jcc\\apt\\vendor\\laravel\\framework\\src\\Illuminate\\Foundation\\Http\\Kernel.php(239): Illuminate\\Foundation\\Application->make('App\\\\Http\\\\Middle...')
#6 C:\\xampp8.2.0\\htdocs\\jcc\\apt\\vendor\\laravel\\framework\\src\\Illuminate\\Foundation\\Http\\Kernel.php(203): Illuminate\\Foundation\\Http\\Kernel->terminateMiddleware(Object(Illuminate\\Http\\Request), Object(Illuminate\\Http\\Response))
#7 C:\\xampp8.2.0\\htdocs\\jcc\\index.php(60): Illuminate\\Foundation\\Http\\Kernel->terminate(Object(Illuminate\\Http\\Request), Object(Illuminate\\Http\\Response))
#8 {main}
"} 
[2025-02-10 10:42:25] local.ERROR: Undefined constant Illuminate\Http\Request::HEADER_X_FORWARDED_ALL {"exception":"[object] (Error(code: 0): Undefined constant Illuminate\\Http\\Request::HEADER_X_FORWARDED_ALL at C:\\xampp8.2.0\\htdocs\\jcc\\apt\\app\\Http\\Middleware\\TrustProxies.php:22)
[stacktrace]
#0 C:\\xampp8.2.0\\htdocs\\jcc\\apt\\vendor\\laravel\\framework\\src\\Illuminate\\Container\\Container.php(929): ReflectionClass->newInstanceArgs(Array)
#1 C:\\xampp8.2.0\\htdocs\\jcc\\apt\\vendor\\laravel\\framework\\src\\Illuminate\\Container\\Container.php(770): Illuminate\\Container\\Container->build('App\\\\Http\\\\Middle...')
#2 C:\\xampp8.2.0\\htdocs\\jcc\\apt\\vendor\\laravel\\framework\\src\\Illuminate\\Foundation\\Application.php(881): Illuminate\\Container\\Container->resolve('App\\\\Http\\\\Middle...', Array, true)
#3 C:\\xampp8.2.0\\htdocs\\jcc\\apt\\vendor\\laravel\\framework\\src\\Illuminate\\Container\\Container.php(706): Illuminate\\Foundation\\Application->resolve('App\\\\Http\\\\Middle...', Array)
#4 C:\\xampp8.2.0\\htdocs\\jcc\\apt\\vendor\\laravel\\framework\\src\\Illuminate\\Foundation\\Application.php(866): Illuminate\\Container\\Container->make('App\\\\Http\\\\Middle...', Array)
#5 C:\\xampp8.2.0\\htdocs\\jcc\\apt\\vendor\\laravel\\framework\\src\\Illuminate\\Pipeline\\Pipeline.php(169): Illuminate\\Foundation\\Application->make('App\\\\Http\\\\Middle...')
#6 C:\\xampp8.2.0\\htdocs\\jcc\\apt\\vendor\\laravel\\framework\\src\\Illuminate\\Pipeline\\Pipeline.php(116): Illuminate\\Pipeline\\Pipeline->Illuminate\\Pipeline\\{closure}(Object(Illuminate\\Http\\Request))
#7 C:\\xampp8.2.0\\htdocs\\jcc\\apt\\vendor\\laravel\\framework\\src\\Illuminate\\Foundation\\Http\\Kernel.php(165): Illuminate\\Pipeline\\Pipeline->then(Object(Closure))
#8 C:\\xampp8.2.0\\htdocs\\jcc\\apt\\vendor\\laravel\\framework\\src\\Illuminate\\Foundation\\Http\\Kernel.php(134): Illuminate\\Foundation\\Http\\Kernel->sendRequestThroughRouter(Object(Illuminate\\Http\\Request))
#9 C:\\xampp8.2.0\\htdocs\\jcc\\index.php(54): Illuminate\\Foundation\\Http\\Kernel->handle(Object(Illuminate\\Http\\Request))
#10 {main}
"} 
[2025-02-10 10:42:25] local.ERROR: Undefined constant Illuminate\Http\Request::HEADER_X_FORWARDED_ALL {"exception":"[object] (Error(code: 0): Undefined constant Illuminate\\Http\\Request::HEADER_X_FORWARDED_ALL at C:\\xampp8.2.0\\htdocs\\jcc\\apt\\app\\Http\\Middleware\\TrustProxies.php:22)
[stacktrace]
#0 C:\\xampp8.2.0\\htdocs\\jcc\\apt\\vendor\\laravel\\framework\\src\\Illuminate\\Container\\Container.php(929): ReflectionClass->newInstanceArgs(Array)
#1 C:\\xampp8.2.0\\htdocs\\jcc\\apt\\vendor\\laravel\\framework\\src\\Illuminate\\Container\\Container.php(770): Illuminate\\Container\\Container->build('App\\\\Http\\\\Middle...')
#2 C:\\xampp8.2.0\\htdocs\\jcc\\apt\\vendor\\laravel\\framework\\src\\Illuminate\\Foundation\\Application.php(881): Illuminate\\Container\\Container->resolve('App\\\\Http\\\\Middle...', Array, true)
#3 C:\\xampp8.2.0\\htdocs\\jcc\\apt\\vendor\\laravel\\framework\\src\\Illuminate\\Container\\Container.php(706): Illuminate\\Foundation\\Application->resolve('App\\\\Http\\\\Middle...', Array)
#4 C:\\xampp8.2.0\\htdocs\\jcc\\apt\\vendor\\laravel\\framework\\src\\Illuminate\\Foundation\\Application.php(866): Illuminate\\Container\\Container->make('App\\\\Http\\\\Middle...', Array)
#5 C:\\xampp8.2.0\\htdocs\\jcc\\apt\\vendor\\laravel\\framework\\src\\Illuminate\\Foundation\\Http\\Kernel.php(239): Illuminate\\Foundation\\Application->make('App\\\\Http\\\\Middle...')
#6 C:\\xampp8.2.0\\htdocs\\jcc\\apt\\vendor\\laravel\\framework\\src\\Illuminate\\Foundation\\Http\\Kernel.php(203): Illuminate\\Foundation\\Http\\Kernel->terminateMiddleware(Object(Illuminate\\Http\\Request), Object(Illuminate\\Http\\Response))
#7 C:\\xampp8.2.0\\htdocs\\jcc\\index.php(60): Illuminate\\Foundation\\Http\\Kernel->terminate(Object(Illuminate\\Http\\Request), Object(Illuminate\\Http\\Response))
#8 {main}
"} 
[2025-02-10 10:46:23] local.ERROR: Class "Fideloper\Proxy\TrustProxies" not found {"exception":"[object] (Error(code: 0): Class \"Fideloper\\Proxy\\TrustProxies\" not found at C:\\xampp8.2.0\\htdocs\\jcc\\apt\\app\\Http\\Middleware\\TrustProxies.php:8)
[stacktrace]
#0 C:\\xampp8.2.0\\htdocs\\jcc\\apt\\vendor\\composer\\ClassLoader.php(576): include()
#1 C:\\xampp8.2.0\\htdocs\\jcc\\apt\\vendor\\composer\\ClassLoader.php(427): Composer\\Autoload\\{closure}('C:\\\\xampp8.2.0\\\\h...')
#2 [internal function]: Composer\\Autoload\\ClassLoader->loadClass('App\\\\Http\\\\Middle...')
#3 C:\\xampp8.2.0\\htdocs\\jcc\\apt\\vendor\\laravel\\framework\\src\\Illuminate\\Container\\Container.php(889): ReflectionClass->__construct('App\\\\Http\\\\Middle...')
#4 C:\\xampp8.2.0\\htdocs\\jcc\\apt\\vendor\\laravel\\framework\\src\\Illuminate\\Container\\Container.php(770): Illuminate\\Container\\Container->build('App\\\\Http\\\\Middle...')
#5 C:\\xampp8.2.0\\htdocs\\jcc\\apt\\vendor\\laravel\\framework\\src\\Illuminate\\Foundation\\Application.php(881): Illuminate\\Container\\Container->resolve('App\\\\Http\\\\Middle...', Array, true)
#6 C:\\xampp8.2.0\\htdocs\\jcc\\apt\\vendor\\laravel\\framework\\src\\Illuminate\\Container\\Container.php(706): Illuminate\\Foundation\\Application->resolve('App\\\\Http\\\\Middle...', Array)
#7 C:\\xampp8.2.0\\htdocs\\jcc\\apt\\vendor\\laravel\\framework\\src\\Illuminate\\Foundation\\Application.php(866): Illuminate\\Container\\Container->make('App\\\\Http\\\\Middle...', Array)
#8 C:\\xampp8.2.0\\htdocs\\jcc\\apt\\vendor\\laravel\\framework\\src\\Illuminate\\Pipeline\\Pipeline.php(169): Illuminate\\Foundation\\Application->make('App\\\\Http\\\\Middle...')
#9 C:\\xampp8.2.0\\htdocs\\jcc\\apt\\vendor\\laravel\\framework\\src\\Illuminate\\Pipeline\\Pipeline.php(116): Illuminate\\Pipeline\\Pipeline->Illuminate\\Pipeline\\{closure}(Object(Illuminate\\Http\\Request))
#10 C:\\xampp8.2.0\\htdocs\\jcc\\apt\\vendor\\laravel\\framework\\src\\Illuminate\\Foundation\\Http\\Kernel.php(165): Illuminate\\Pipeline\\Pipeline->then(Object(Closure))
#11 C:\\xampp8.2.0\\htdocs\\jcc\\apt\\vendor\\laravel\\framework\\src\\Illuminate\\Foundation\\Http\\Kernel.php(134): Illuminate\\Foundation\\Http\\Kernel->sendRequestThroughRouter(Object(Illuminate\\Http\\Request))
#12 C:\\xampp8.2.0\\htdocs\\jcc\\index.php(54): Illuminate\\Foundation\\Http\\Kernel->handle(Object(Illuminate\\Http\\Request))
#13 {main}
"} 
[2025-02-10 10:46:23] local.ERROR: Class "Fideloper\Proxy\TrustProxies" not found {"exception":"[object] (Error(code: 0): Class \"Fideloper\\Proxy\\TrustProxies\" not found at C:\\xampp8.2.0\\htdocs\\jcc\\apt\\app\\Http\\Middleware\\TrustProxies.php:8)
[stacktrace]
#0 C:\\xampp8.2.0\\htdocs\\jcc\\apt\\vendor\\composer\\ClassLoader.php(576): include()
#1 C:\\xampp8.2.0\\htdocs\\jcc\\apt\\vendor\\composer\\ClassLoader.php(427): Composer\\Autoload\\{closure}('C:\\\\xampp8.2.0\\\\h...')
#2 [internal function]: Composer\\Autoload\\ClassLoader->loadClass('App\\\\Http\\\\Middle...')
#3 C:\\xampp8.2.0\\htdocs\\jcc\\apt\\vendor\\laravel\\framework\\src\\Illuminate\\Container\\Container.php(889): ReflectionClass->__construct('App\\\\Http\\\\Middle...')
#4 C:\\xampp8.2.0\\htdocs\\jcc\\apt\\vendor\\laravel\\framework\\src\\Illuminate\\Container\\Container.php(770): Illuminate\\Container\\Container->build('App\\\\Http\\\\Middle...')
#5 C:\\xampp8.2.0\\htdocs\\jcc\\apt\\vendor\\laravel\\framework\\src\\Illuminate\\Foundation\\Application.php(881): Illuminate\\Container\\Container->resolve('App\\\\Http\\\\Middle...', Array, true)
#6 C:\\xampp8.2.0\\htdocs\\jcc\\apt\\vendor\\laravel\\framework\\src\\Illuminate\\Container\\Container.php(706): Illuminate\\Foundation\\Application->resolve('App\\\\Http\\\\Middle...', Array)
#7 C:\\xampp8.2.0\\htdocs\\jcc\\apt\\vendor\\laravel\\framework\\src\\Illuminate\\Foundation\\Application.php(866): Illuminate\\Container\\Container->make('App\\\\Http\\\\Middle...', Array)
#8 C:\\xampp8.2.0\\htdocs\\jcc\\apt\\vendor\\laravel\\framework\\src\\Illuminate\\Foundation\\Http\\Kernel.php(239): Illuminate\\Foundation\\Application->make('App\\\\Http\\\\Middle...')
#9 C:\\xampp8.2.0\\htdocs\\jcc\\apt\\vendor\\laravel\\framework\\src\\Illuminate\\Foundation\\Http\\Kernel.php(203): Illuminate\\Foundation\\Http\\Kernel->terminateMiddleware(Object(Illuminate\\Http\\Request), Object(Illuminate\\Http\\Response))
#10 C:\\xampp8.2.0\\htdocs\\jcc\\index.php(60): Illuminate\\Foundation\\Http\\Kernel->terminate(Object(Illuminate\\Http\\Request), Object(Illuminate\\Http\\Response))
#11 {main}
"} 
[2025-02-10 10:48:05] local.ERROR: Declaration of App\Blog::toFeedItem() must be compatible with Spatie\Feed\Feedable::toFeedItem(): Spatie\Feed\FeedItem {"exception":"[object] (Symfony\\Component\\ErrorHandler\\Error\\FatalError(code: 0): Declaration of App\\Blog::toFeedItem() must be compatible with Spatie\\Feed\\Feedable::toFeedItem(): Spatie\\Feed\\FeedItem at C:\\xampp8.2.0\\htdocs\\jcc\\apt\\app\\Blog.php:21)
[stacktrace]
#0 {main}
"} 
[2025-02-10 11:00:45] local.ERROR: Declaration of App\Blog::toFeedItem() must be compatible with Spatie\Feed\Feedable::toFeedItem(): Spatie\Feed\FeedItem {"exception":"[object] (Symfony\\Component\\ErrorHandler\\Error\\FatalError(code: 0): Declaration of App\\Blog::toFeedItem() must be compatible with Spatie\\Feed\\Feedable::toFeedItem(): Spatie\\Feed\\FeedItem at C:\\xampp8.2.0\\htdocs\\jcc\\apt\\app\\Blog.php:21)
[stacktrace]
#0 {main}
"} 
[2025-02-10 11:00:50] local.ERROR: Declaration of App\Blog::toFeedItem() must be compatible with Spatie\Feed\Feedable::toFeedItem(): Spatie\Feed\FeedItem {"exception":"[object] (Symfony\\Component\\ErrorHandler\\Error\\FatalError(code: 0): Declaration of App\\Blog::toFeedItem() must be compatible with Spatie\\Feed\\Feedable::toFeedItem(): Spatie\\Feed\\FeedItem at C:\\xampp8.2.0\\htdocs\\jcc\\apt\\app\\Blog.php:21)
[stacktrace]
#0 {main}
"} 
[2025-02-10 11:00:52] local.ERROR: Declaration of App\Blog::toFeedItem() must be compatible with Spatie\Feed\Feedable::toFeedItem(): Spatie\Feed\FeedItem {"exception":"[object] (Symfony\\Component\\ErrorHandler\\Error\\FatalError(code: 0): Declaration of App\\Blog::toFeedItem() must be compatible with Spatie\\Feed\\Feedable::toFeedItem(): Spatie\\Feed\\FeedItem at C:\\xampp8.2.0\\htdocs\\jcc\\apt\\app\\Blog.php:21)
[stacktrace]
#0 {main}
"} 
[2025-02-10 11:17:42] local.ERROR: Declaration of App\Blog::toFeedItem() must be compatible with Spatie\Feed\Feedable::toFeedItem(): Spatie\Feed\FeedItem {"exception":"[object] (Symfony\\Component\\ErrorHandler\\Error\\FatalError(code: 0): Declaration of App\\Blog::toFeedItem() must be compatible with Spatie\\Feed\\Feedable::toFeedItem(): Spatie\\Feed\\FeedItem at C:\\xampp8.2.0\\htdocs\\jcc\\apt\\app\\Blog.php:21)
[stacktrace]
#0 {main}
"} 
